

Microchip MPLAB XC8 Assembler V2.32 build 20210201212658 
                                                                                               Fri Aug 06 16:53:40 2021

Microchip MPLAB XC8 C Compiler v2.32 (Free license) build 20210201212658 Og1 
     1                           	processor	16F887
     2                           	pagewidth 120
     3                           	opt	flic
     4                           	psect	cinit,global,class=CODE,merge=1,delta=2
     5                           	psect	bssCOMMON,global,class=COMMON,space=1,delta=1,noexec
     6                           	psect	bssBANK0,global,class=BANK0,space=1,delta=1,noexec
     7                           	psect	cstackCOMMON,global,class=COMMON,space=1,delta=1,noexec
     8                           	psect	cstackBANK0,global,class=BANK0,space=1,delta=1,noexec
     9                           	psect	maintext,global,class=CODE,split=1,delta=2
    10                           	psect	text1,local,class=CODE,merge=1,delta=2
    11                           	psect	text2,local,class=CODE,merge=1,delta=2
    12                           	psect	text3,local,class=CODE,merge=1,delta=2,group=1
    13                           	psect	text4,local,class=CODE,merge=1,delta=2
    14                           	psect	text5,local,class=CODE,merge=1,delta=2
    15                           	psect	text6,local,class=CODE,merge=1,delta=2
    16                           	psect	text7,local,class=CODE,merge=1,delta=2
    17                           	psect	text8,local,class=CODE,merge=1,delta=2
    18                           	psect	text9,local,class=CODE,merge=1,delta=2
    19                           	psect	intentry,global,class=CODE,delta=2
    20                           	psect	config,global,abs,ovrld,class=CONFIG,space=4,delta=2,noexec
    21                           	dabs	1,0x7E,2
    22  0000                     
    23                           ; Version 2.20
    24                           ; Generated 12/02/2020 GMT
    25                           ; 
    26                           ; Copyright © 2020, Microchip Technology Inc. and its subsidiaries ("Microchip")
    27                           ; All rights reserved.
    28                           ; 
    29                           ; This software is developed by Microchip Technology Inc. and its subsidiaries ("Microch
      +                          ip").
    30                           ; 
    31                           ; Redistribution and use in source and binary forms, with or without modification, are
    32                           ; permitted provided that the following conditions are met:
    33                           ; 
    34                           ;     1. Redistributions of source code must retain the above copyright notice, this lis
      +                          t of
    35                           ;        conditions and the following disclaimer.
    36                           ; 
    37                           ;     2. Redistributions in binary form must reproduce the above copyright notice, this 
      +                          list
    38                           ;        of conditions and the following disclaimer in the documentation and/or other
    39                           ;        materials provided with the distribution.
    40                           ; 
    41                           ;     3. Microchip's name may not be used to endorse or promote products derived from th
      +                          is
    42                           ;        software without specific prior written permission.
    43                           ; 
    44                           ; THIS SOFTWARE IS PROVIDED BY MICROCHIP "AS IS" AND ANY EXPRESS OR IMPLIED WARRANTIES,
    45                           ; INCLUDING, BUT NOT LIMITED TO, THE IMPLIED WARRANTIES OF MERCHANTABILITY AND FITNESS F
      +                          OR
    46                           ; PURPOSE ARE DISCLAIMED.  IN NO EVENT SHALL MICROCHIP BE LIABLE FOR ANY DIRECT, INDIREC
      +                          T,
    47                           ; INCIDENTAL, SPECIAL, EXEMPLARY, OR CONSEQUENTIAL DAMAGES (INCLUDING BUT NOT LIMITED TO
    48                           ; PROCUREMENT OF SUBSTITUTE GOODS OR SERVICES; LOSS OF USE, DATA OR PROFITS; OR BUSINESS
    49                           ; INTERRUPTION) HOWSOEVER CAUSED AND ON ANY THEORY OF LIABILITY, WHETHER IN CONTRACT, ST
      +                          RICT
    50                           ; LIABILITY, OR TORT (INCLUDING NEGLIGENCE OR OTHERWISE) ARISING IN ANY WAY OUT OF THE U
      +                          SE OF
    51                           ; THIS SOFTWARE, EVEN IF ADVISED OF THE POSSIBILITY OF SUCH DAMAGE.
    52                           ; 
    53                           ; 
    54                           ; Code-generator required, PIC16F887 Definitions
    55                           ; 
    56                           ; SFR Addresses
    57  0000                     	;# 
    58  0001                     	;# 
    59  0002                     	;# 
    60  0003                     	;# 
    61  0004                     	;# 
    62  0005                     	;# 
    63  0006                     	;# 
    64  0007                     	;# 
    65  0008                     	;# 
    66  0009                     	;# 
    67  000A                     	;# 
    68  000B                     	;# 
    69  000C                     	;# 
    70  000D                     	;# 
    71  000E                     	;# 
    72  000E                     	;# 
    73  000F                     	;# 
    74  0010                     	;# 
    75  0011                     	;# 
    76  0012                     	;# 
    77  0013                     	;# 
    78  0014                     	;# 
    79  0015                     	;# 
    80  0015                     	;# 
    81  0016                     	;# 
    82  0017                     	;# 
    83  0018                     	;# 
    84  0019                     	;# 
    85  001A                     	;# 
    86  001B                     	;# 
    87  001B                     	;# 
    88  001C                     	;# 
    89  001D                     	;# 
    90  001E                     	;# 
    91  001F                     	;# 
    92  0081                     	;# 
    93  0085                     	;# 
    94  0086                     	;# 
    95  0087                     	;# 
    96  0088                     	;# 
    97  0089                     	;# 
    98  008C                     	;# 
    99  008D                     	;# 
   100  008E                     	;# 
   101  008F                     	;# 
   102  0090                     	;# 
   103  0091                     	;# 
   104  0092                     	;# 
   105  0093                     	;# 
   106  0093                     	;# 
   107  0093                     	;# 
   108  0094                     	;# 
   109  0095                     	;# 
   110  0096                     	;# 
   111  0097                     	;# 
   112  0098                     	;# 
   113  0099                     	;# 
   114  009A                     	;# 
   115  009B                     	;# 
   116  009C                     	;# 
   117  009D                     	;# 
   118  009E                     	;# 
   119  009F                     	;# 
   120  0105                     	;# 
   121  0107                     	;# 
   122  0108                     	;# 
   123  0109                     	;# 
   124  010C                     	;# 
   125  010C                     	;# 
   126  010D                     	;# 
   127  010E                     	;# 
   128  010F                     	;# 
   129  0185                     	;# 
   130  0187                     	;# 
   131  0188                     	;# 
   132  0189                     	;# 
   133  018C                     	;# 
   134  018D                     	;# 
   135  0000                     	;# 
   136  0001                     	;# 
   137  0002                     	;# 
   138  0003                     	;# 
   139  0004                     	;# 
   140  0005                     	;# 
   141  0006                     	;# 
   142  0007                     	;# 
   143  0008                     	;# 
   144  0009                     	;# 
   145  000A                     	;# 
   146  000B                     	;# 
   147  000C                     	;# 
   148  000D                     	;# 
   149  000E                     	;# 
   150  000E                     	;# 
   151  000F                     	;# 
   152  0010                     	;# 
   153  0011                     	;# 
   154  0012                     	;# 
   155  0013                     	;# 
   156  0014                     	;# 
   157  0015                     	;# 
   158  0015                     	;# 
   159  0016                     	;# 
   160  0017                     	;# 
   161  0018                     	;# 
   162  0019                     	;# 
   163  001A                     	;# 
   164  001B                     	;# 
   165  001B                     	;# 
   166  001C                     	;# 
   167  001D                     	;# 
   168  001E                     	;# 
   169  001F                     	;# 
   170  0081                     	;# 
   171  0085                     	;# 
   172  0086                     	;# 
   173  0087                     	;# 
   174  0088                     	;# 
   175  0089                     	;# 
   176  008C                     	;# 
   177  008D                     	;# 
   178  008E                     	;# 
   179  008F                     	;# 
   180  0090                     	;# 
   181  0091                     	;# 
   182  0092                     	;# 
   183  0093                     	;# 
   184  0093                     	;# 
   185  0093                     	;# 
   186  0094                     	;# 
   187  0095                     	;# 
   188  0096                     	;# 
   189  0097                     	;# 
   190  0098                     	;# 
   191  0099                     	;# 
   192  009A                     	;# 
   193  009B                     	;# 
   194  009C                     	;# 
   195  009D                     	;# 
   196  009E                     	;# 
   197  009F                     	;# 
   198  0105                     	;# 
   199  0107                     	;# 
   200  0108                     	;# 
   201  0109                     	;# 
   202  010C                     	;# 
   203  010C                     	;# 
   204  010D                     	;# 
   205  010E                     	;# 
   206  010F                     	;# 
   207  0185                     	;# 
   208  0187                     	;# 
   209  0188                     	;# 
   210  0189                     	;# 
   211  018C                     	;# 
   212  018D                     	;# 
   213  0000                     	;# 
   214  0001                     	;# 
   215  0002                     	;# 
   216  0003                     	;# 
   217  0004                     	;# 
   218  0005                     	;# 
   219  0006                     	;# 
   220  0007                     	;# 
   221  0008                     	;# 
   222  0009                     	;# 
   223  000A                     	;# 
   224  000B                     	;# 
   225  000C                     	;# 
   226  000D                     	;# 
   227  000E                     	;# 
   228  000E                     	;# 
   229  000F                     	;# 
   230  0010                     	;# 
   231  0011                     	;# 
   232  0012                     	;# 
   233  0013                     	;# 
   234  0014                     	;# 
   235  0015                     	;# 
   236  0015                     	;# 
   237  0016                     	;# 
   238  0017                     	;# 
   239  0018                     	;# 
   240  0019                     	;# 
   241  001A                     	;# 
   242  001B                     	;# 
   243  001B                     	;# 
   244  001C                     	;# 
   245  001D                     	;# 
   246  001E                     	;# 
   247  001F                     	;# 
   248  0081                     	;# 
   249  0085                     	;# 
   250  0086                     	;# 
   251  0087                     	;# 
   252  0088                     	;# 
   253  0089                     	;# 
   254  008C                     	;# 
   255  008D                     	;# 
   256  008E                     	;# 
   257  008F                     	;# 
   258  0090                     	;# 
   259  0091                     	;# 
   260  0092                     	;# 
   261  0093                     	;# 
   262  0093                     	;# 
   263  0093                     	;# 
   264  0094                     	;# 
   265  0095                     	;# 
   266  0096                     	;# 
   267  0097                     	;# 
   268  0098                     	;# 
   269  0099                     	;# 
   270  009A                     	;# 
   271  009B                     	;# 
   272  009C                     	;# 
   273  009D                     	;# 
   274  009E                     	;# 
   275  009F                     	;# 
   276  0105                     	;# 
   277  0107                     	;# 
   278  0108                     	;# 
   279  0109                     	;# 
   280  010C                     	;# 
   281  010C                     	;# 
   282  010D                     	;# 
   283  010E                     	;# 
   284  010F                     	;# 
   285  0185                     	;# 
   286  0187                     	;# 
   287  0188                     	;# 
   288  0189                     	;# 
   289  018C                     	;# 
   290  018D                     	;# 
   291  0013                     _SSPBUF	set	19
   292  0014                     _SSPCON	set	20
   293  0008                     _PORTD	set	8
   294  0006                     _PORTB	set	6
   295  0063                     _SSPIF	set	99
   296  005E                     _PEIE	set	94
   297  005F                     _GIE	set	95
   298  0091                     _SSPCON2bits	set	145
   299  0087                     _TRISCbits	set	135
   300  0094                     _SSPSTAT	set	148
   301  0093                     _SSPADD	set	147
   302  0091                     _SSPCON2	set	145
   303  0088                     _TRISD	set	136
   304  0086                     _TRISB	set	134
   305  0463                     _SSPIE	set	1123
   306  043C                     _TRISC4	set	1084
   307  043B                     _TRISC3	set	1083
   308  0189                     _ANSELH	set	393
   309  0188                     _ANSEL	set	392
   310                           
   311                           	psect	cinit
   312  000F                     start_initialization:	
   313                           ; #config settings
   314                           
   315  000F                     __initialization:
   316                           
   317                           ; Clear objects allocated to COMMON
   318  000F  01F8               	clrf	__pbssCOMMON& (0+127)
   319  0010  01F9               	clrf	(__pbssCOMMON+1)& (0+127)
   320  0011  01FA               	clrf	(__pbssCOMMON+2)& (0+127)
   321                           
   322                           ; Clear objects allocated to BANK0
   323  0012  1283               	bcf	3,5	;RP0=0, select bank0
   324  0013  1303               	bcf	3,6	;RP1=0, select bank0
   325  0014  01B3               	clrf	__pbssBANK0& (0+127)
   326  0015  01B4               	clrf	(__pbssBANK0+1)& (0+127)
   327  0016  01B5               	clrf	(__pbssBANK0+2)& (0+127)
   328  0017  01B6               	clrf	(__pbssBANK0+3)& (0+127)
   329  0018  01B7               	clrf	(__pbssBANK0+4)& (0+127)
   330  0019  01B8               	clrf	(__pbssBANK0+5)& (0+127)
   331  001A  01B9               	clrf	(__pbssBANK0+6)& (0+127)
   332  001B  01BA               	clrf	(__pbssBANK0+7)& (0+127)
   333  001C  01BB               	clrf	(__pbssBANK0+8)& (0+127)
   334  001D  01BC               	clrf	(__pbssBANK0+9)& (0+127)
   335  001E  01BD               	clrf	(__pbssBANK0+10)& (0+127)
   336  001F  01BE               	clrf	(__pbssBANK0+11)& (0+127)
   337  0020  01BF               	clrf	(__pbssBANK0+12)& (0+127)
   338  0021                     end_of_initialization:	
   339                           ;End of C runtime variable initialization code
   340                           
   341  0021                     __end_of__initialization:
   342  0021  0183               	clrf	3
   343  0022  120A  118A  288D   	ljmp	_main	;jump to C main() function
   344                           
   345                           	psect	bssCOMMON
   346  0078                     __pbssCOMMON:
   347  0078                     _val2:
   348  0078                     	ds	1
   349  0079                     _val1:
   350  0079                     	ds	1
   351  007A                     _dig:
   352  007A                     	ds	1
   353                           
   354                           	psect	bssBANK0
   355  0033                     __pbssBANK0:
   356  0033                     _dig3:
   357  0033                     	ds	4
   358  0037                     _dig2:
   359  0037                     	ds	4
   360  003B                     _dig1:
   361  003B                     	ds	4
   362  003F                     _op:
   363  003F                     	ds	1
   364                           
   365                           	psect	cstackCOMMON
   366  0070                     __pcstackCOMMON:
   367  0070                     ?_setup:
   368  0070                     ?_I2C_Master_Start:	
   369                           ; 1 bytes @ 0x0
   370                           
   371  0070                     ?_I2C_Master_Stop:	
   372                           ; 1 bytes @ 0x0
   373                           
   374  0070                     ?_isr:	
   375                           ; 1 bytes @ 0x0
   376                           
   377  0070                     ??_isr:	
   378                           ; 1 bytes @ 0x0
   379                           
   380  0070                     ?_main:	
   381                           ; 1 bytes @ 0x0
   382                           
   383  0070                     ?_I2C_Master_Wait:	
   384                           ; 1 bytes @ 0x0
   385                           
   386                           
   387                           ; 1 bytes @ 0x0
   388  0070                     	ds	2
   389  0072                     ??_I2C_Master_Start:
   390  0072                     ?_I2C_Master_Write:	
   391                           ; 1 bytes @ 0x2
   392                           
   393  0072                     ??_I2C_Master_Stop:	
   394                           ; 1 bytes @ 0x2
   395                           
   396  0072                     ??_I2C_Master_Wait:	
   397                           ; 1 bytes @ 0x2
   398                           
   399  0072                     ??___lldiv:	
   400                           ; 1 bytes @ 0x2
   401                           
   402  0072                     ?_I2C_Master_Read:	
   403                           ; 1 bytes @ 0x2
   404                           
   405  0072                     I2C_Master_Write@d:	
   406                           ; 2 bytes @ 0x2
   407                           
   408  0072                     I2C_Master_Read@a:	
   409                           ; 2 bytes @ 0x2
   410                           
   411                           
   412                           ; 2 bytes @ 0x2
   413  0072                     	ds	1
   414  0073                     ___lldiv@quotient:
   415                           
   416                           ; 4 bytes @ 0x3
   417  0073                     	ds	1
   418  0074                     ??_I2C_Master_Write:
   419  0074                     ??_I2C_Master_Read:	
   420                           ; 1 bytes @ 0x4
   421                           
   422                           
   423                           ; 1 bytes @ 0x4
   424  0074                     	ds	2
   425  0076                     I2C_Master_Read@temp:
   426                           
   427                           ; 2 bytes @ 0x6
   428  0076                     	ds	1
   429  0077                     ___lldiv@counter:
   430                           
   431                           ; 1 bytes @ 0x7
   432  0077                     	ds	1
   433  0078                     ??_setup:
   434                           
   435                           	psect	cstackBANK0
   436  0020                     __pcstackBANK0:	
   437                           ; 1 bytes @ 0x8
   438                           
   439  0020                     ?___lldiv:
   440  0020                     ___lldiv@divisor:	
   441                           ; 4 bytes @ 0x0
   442                           
   443                           
   444                           ; 4 bytes @ 0x0
   445  0020                     	ds	4
   446  0024                     ___lldiv@dividend:
   447                           
   448                           ; 4 bytes @ 0x4
   449  0024                     	ds	4
   450  0028                     ?_I2C_Master_Init:
   451  0028                     I2C_Master_Init@c:	
   452                           ; 1 bytes @ 0x8
   453                           
   454                           
   455                           ; 4 bytes @ 0x8
   456  0028                     	ds	4
   457  002C                     ??_I2C_Master_Init:
   458                           
   459                           ; 1 bytes @ 0xC
   460  002C                     	ds	4
   461  0030                     ??_main:
   462                           
   463                           ; 1 bytes @ 0x10
   464  0030                     	ds	3
   465                           
   466                           	psect	maintext
   467  008D                     __pmaintext:	
   468 ;;
   469 ;;Main: autosize = 0, tempsize = 3, incstack = 0, save=0
   470 ;;
   471 ;; *************** function _main *****************
   472 ;; Defined at:
   473 ;;		line 75 in file "Master.c"
   474 ;; Parameters:    Size  Location     Type
   475 ;;		None
   476 ;; Auto vars:     Size  Location     Type
   477 ;;		None
   478 ;; Return value:  Size  Location     Type
   479 ;;                  1    wreg      void 
   480 ;; Registers used:
   481 ;;		wreg, status,2, status,0, pclath, cstack
   482 ;; Tracked objects:
   483 ;;		On entry : B00/0
   484 ;;		On exit  : 0/0
   485 ;;		Unchanged: 0/0
   486 ;; Data sizes:     COMMON   BANK0   BANK1   BANK3   BANK2
   487 ;;      Params:         0       0       0       0       0
   488 ;;      Locals:         0       0       0       0       0
   489 ;;      Temps:          0       3       0       0       0
   490 ;;      Totals:         0       3       0       0       0
   491 ;;Total ram usage:        3 bytes
   492 ;; Hardware stack levels required when called: 4
   493 ;; This function calls:
   494 ;;		_I2C_Master_Read
   495 ;;		_I2C_Master_Start
   496 ;;		_I2C_Master_Stop
   497 ;;		_I2C_Master_Write
   498 ;;		_setup
   499 ;; This function is called by:
   500 ;;		Startup code after reset
   501 ;; This function uses a non-reentrant model
   502 ;;
   503                           
   504                           
   505                           ;psect for function _main
   506  008D                     _main:
   507  008D                     l921:	
   508                           ;incstack = 0
   509                           ; Regs used in _main: [wreg+status,2+status,0+pclath+cstack]
   510                           
   511                           
   512                           ;Master.c: 76:     setup();
   513  008D  120A  118A  215C  120A  118A  	fcall	_setup
   514  0092                     l50:	
   515                           ;Master.c: 77:     while(1){
   516                           
   517                           
   518                           ;Master.c: 80:         I2C_Master_Start();
   519  0092  120A  118A  219A  120A  118A  	fcall	_I2C_Master_Start
   520                           
   521                           ;Master.c: 81:         I2C_Master_Write(0x50);
   522  0097  3050               	movlw	80
   523  0098  00F2               	movwf	I2C_Master_Write@d
   524  0099  3000               	movlw	0
   525  009A  00F3               	movwf	I2C_Master_Write@d+1
   526  009B  120A  118A  2187  120A  118A  	fcall	_I2C_Master_Write
   527                           
   528                           ;Master.c: 82:         I2C_Master_Write(PORTB);
   529  00A0  1283               	bcf	3,5	;RP0=0, select bank0
   530  00A1  1303               	bcf	3,6	;RP1=0, select bank0
   531  00A2  0806               	movf	6,w	;volatile
   532  00A3  00B0               	movwf	??_main
   533  00A4  01B1               	clrf	??_main+1
   534  00A5  0830               	movf	??_main,w
   535  00A6  00F2               	movwf	I2C_Master_Write@d
   536  00A7  0831               	movf	??_main+1,w
   537  00A8  00F3               	movwf	I2C_Master_Write@d+1
   538  00A9  120A  118A  2187  120A  118A  	fcall	_I2C_Master_Write
   539                           
   540                           ;Master.c: 83:         I2C_Master_Stop();
   541  00AE  120A  118A  2191  120A  118A  	fcall	_I2C_Master_Stop
   542  00B3                     l923:
   543                           
   544                           ;Master.c: 84:         _delay((unsigned long)((200)*(8000000/4000.0)));
   545  00B3  3003               	movlw	3
   546  00B4  1283               	bcf	3,5	;RP0=0, select bank0
   547  00B5  1303               	bcf	3,6	;RP1=0, select bank0
   548  00B6  00B2               	movwf	??_main+2
   549  00B7  3008               	movlw	8
   550  00B8  00B1               	movwf	??_main+1
   551  00B9  3076               	movlw	118
   552  00BA  00B0               	movwf	??_main
   553  00BB                     u297:
   554  00BB  0BB0               	decfsz	??_main,f
   555  00BC  28BB               	goto	u297
   556  00BD  0BB1               	decfsz	??_main+1,f
   557  00BE  28BB               	goto	u297
   558  00BF  0BB2               	decfsz	??_main+2,f
   559  00C0  28BB               	goto	u297
   560  00C1  0000               	nop
   561  00C2                     l925:
   562                           
   563                           ;Master.c: 86:         I2C_Master_Start();
   564  00C2  120A  118A  219A  120A  118A  	fcall	_I2C_Master_Start
   565  00C7                     l927:
   566                           
   567                           ;Master.c: 87:         I2C_Master_Write(0x51);
   568  00C7  3051               	movlw	81
   569  00C8  00F2               	movwf	I2C_Master_Write@d
   570  00C9  3000               	movlw	0
   571  00CA  00F3               	movwf	I2C_Master_Write@d+1
   572  00CB  120A  118A  2187  120A  118A  	fcall	_I2C_Master_Write
   573  00D0                     l929:
   574                           
   575                           ;Master.c: 88:         PORTD = I2C_Master_Read(0);
   576  00D0  3000               	movlw	0
   577  00D1  00F2               	movwf	I2C_Master_Read@a
   578  00D2  00F3               	movwf	I2C_Master_Read@a+1
   579  00D3  120A  118A  212E  120A  118A  	fcall	_I2C_Master_Read
   580  00D8  0872               	movf	?_I2C_Master_Read,w
   581  00D9  1283               	bcf	3,5	;RP0=0, select bank0
   582  00DA  1303               	bcf	3,6	;RP1=0, select bank0
   583  00DB  0088               	movwf	8	;volatile
   584  00DC                     l931:
   585                           
   586                           ;Master.c: 89:         I2C_Master_Stop();
   587  00DC  120A  118A  2191  120A  118A  	fcall	_I2C_Master_Stop
   588  00E1                     l933:
   589                           
   590                           ;Master.c: 90:         _delay((unsigned long)((200)*(8000000/4000.0)));
   591  00E1  3003               	movlw	3
   592  00E2  1283               	bcf	3,5	;RP0=0, select bank0
   593  00E3  1303               	bcf	3,6	;RP1=0, select bank0
   594  00E4  00B2               	movwf	??_main+2
   595  00E5  3008               	movlw	8
   596  00E6  00B1               	movwf	??_main+1
   597  00E7  3076               	movlw	118
   598  00E8  00B0               	movwf	??_main
   599  00E9                     u307:
   600  00E9  0BB0               	decfsz	??_main,f
   601  00EA  28E9               	goto	u307
   602  00EB  0BB1               	decfsz	??_main+1,f
   603  00EC  28E9               	goto	u307
   604  00ED  0BB2               	decfsz	??_main+2,f
   605  00EE  28E9               	goto	u307
   606  00EF  0000               	nop
   607  00F0  2892               	goto	l50
   608  00F1  120A  118A  280C   	ljmp	start
   609  00F4                     __end_of_main:
   610                           
   611                           	psect	text1
   612  015C                     __ptext1:	
   613 ;; *************** function _setup *****************
   614 ;; Defined at:
   615 ;;		line 96 in file "Master.c"
   616 ;; Parameters:    Size  Location     Type
   617 ;;		None
   618 ;; Auto vars:     Size  Location     Type
   619 ;;		None
   620 ;; Return value:  Size  Location     Type
   621 ;;                  1    wreg      void 
   622 ;; Registers used:
   623 ;;		wreg, status,2, status,0, pclath, cstack
   624 ;; Tracked objects:
   625 ;;		On entry : 0/0
   626 ;;		On exit  : 0/0
   627 ;;		Unchanged: 0/0
   628 ;; Data sizes:     COMMON   BANK0   BANK1   BANK3   BANK2
   629 ;;      Params:         0       0       0       0       0
   630 ;;      Locals:         0       0       0       0       0
   631 ;;      Temps:          0       0       0       0       0
   632 ;;      Totals:         0       0       0       0       0
   633 ;;Total ram usage:        0 bytes
   634 ;; Hardware stack levels used: 1
   635 ;; Hardware stack levels required when called: 3
   636 ;; This function calls:
   637 ;;		_I2C_Master_Init
   638 ;; This function is called by:
   639 ;;		_main
   640 ;; This function uses a non-reentrant model
   641 ;;
   642                           
   643                           
   644                           ;psect for function _setup
   645  015C                     _setup:
   646  015C                     l917:	
   647                           ;incstack = 0
   648                           ; Regs used in _setup: [wreg+status,2+status,0+pclath+cstack]
   649                           
   650                           
   651                           ;Master.c: 98:     ANSEL = 0b00;
   652  015C  1683               	bsf	3,5	;RP0=1, select bank3
   653  015D  1703               	bsf	3,6	;RP1=1, select bank3
   654  015E  0188               	clrf	8	;volatile
   655                           
   656                           ;Master.c: 99:     ANSELH = 0x00;
   657  015F  0189               	clrf	9	;volatile
   658                           
   659                           ;Master.c: 102:     TRISB = 0x00;
   660  0160  1683               	bsf	3,5	;RP0=1, select bank1
   661  0161  1303               	bcf	3,6	;RP1=0, select bank1
   662  0162  0186               	clrf	6	;volatile
   663                           
   664                           ;Master.c: 103:     PORTB = 0x00;
   665  0163  1283               	bcf	3,5	;RP0=0, select bank0
   666  0164  1303               	bcf	3,6	;RP1=0, select bank0
   667  0165  0186               	clrf	6	;volatile
   668                           
   669                           ;Master.c: 104:     TRISD = 0x00;
   670  0166  1683               	bsf	3,5	;RP0=1, select bank1
   671  0167  1303               	bcf	3,6	;RP1=0, select bank1
   672  0168  0188               	clrf	8	;volatile
   673                           
   674                           ;Master.c: 105:     PORTD = 0x00;
   675  0169  1283               	bcf	3,5	;RP0=0, select bank0
   676  016A  1303               	bcf	3,6	;RP1=0, select bank0
   677  016B  0188               	clrf	8	;volatile
   678  016C                     l919:
   679                           
   680                           ;Master.c: 107:     I2C_Master_Init(100000);
   681  016C  3000               	movlw	0
   682  016D  00AB               	movwf	I2C_Master_Init@c+3
   683  016E  3001               	movlw	1
   684  016F  00AA               	movwf	I2C_Master_Init@c+2
   685  0170  3086               	movlw	134
   686  0171  00A9               	movwf	I2C_Master_Init@c+1
   687  0172  30A0               	movlw	160
   688  0173  00A8               	movwf	I2C_Master_Init@c
   689  0174  120A  118A  20F4  120A  118A  	fcall	_I2C_Master_Init
   690  0179                     l56:
   691  0179  0008               	return
   692  017A                     __end_of_setup:
   693                           
   694                           	psect	text2
   695  00F4                     __ptext2:	
   696 ;; *************** function _I2C_Master_Init *****************
   697 ;; Defined at:
   698 ;;		line 12 in file "I2C.c"
   699 ;; Parameters:    Size  Location     Type
   700 ;;  c               4    8[BANK0 ] const unsigned long 
   701 ;; Auto vars:     Size  Location     Type
   702 ;;		None
   703 ;; Return value:  Size  Location     Type
   704 ;;                  1    wreg      void 
   705 ;; Registers used:
   706 ;;		wreg, status,2, status,0, pclath, cstack
   707 ;; Tracked objects:
   708 ;;		On entry : 0/0
   709 ;;		On exit  : 0/0
   710 ;;		Unchanged: 0/0
   711 ;; Data sizes:     COMMON   BANK0   BANK1   BANK3   BANK2
   712 ;;      Params:         0       4       0       0       0
   713 ;;      Locals:         0       0       0       0       0
   714 ;;      Temps:          0       4       0       0       0
   715 ;;      Totals:         0       8       0       0       0
   716 ;;Total ram usage:        8 bytes
   717 ;; Hardware stack levels used: 1
   718 ;; Hardware stack levels required when called: 2
   719 ;; This function calls:
   720 ;;		___lldiv
   721 ;; This function is called by:
   722 ;;		_setup
   723 ;; This function uses a non-reentrant model
   724 ;;
   725                           
   726                           
   727                           ;psect for function _I2C_Master_Init
   728  00F4                     _I2C_Master_Init:
   729  00F4                     l905:	
   730                           ;incstack = 0
   731                           ; Regs used in _I2C_Master_Init: [wreg+status,2+status,0+pclath+cstack]
   732                           
   733                           
   734                           ;I2C.c: 12: void I2C_Master_Init(const unsigned long c);I2C.c: 13: {;I2C.c: 14:     SSPC
      +                          ON = 0b00101000;
   735  00F4  3028               	movlw	40
   736  00F5  1283               	bcf	3,5	;RP0=0, select bank0
   737  00F6  1303               	bcf	3,6	;RP1=0, select bank0
   738  00F7  0094               	movwf	20	;volatile
   739  00F8                     l907:
   740                           
   741                           ;I2C.c: 15:     SSPCON2 = 0;
   742  00F8  1683               	bsf	3,5	;RP0=1, select bank1
   743  00F9  1303               	bcf	3,6	;RP1=0, select bank1
   744  00FA  0191               	clrf	17	;volatile
   745  00FB                     l909:
   746                           
   747                           ;I2C.c: 16:     SSPADD = (8000000/(4*c))-1;
   748  00FB  1283               	bcf	3,5	;RP0=0, select bank0
   749  00FC  1303               	bcf	3,6	;RP1=0, select bank0
   750  00FD  0828               	movf	I2C_Master_Init@c,w
   751  00FE  00AC               	movwf	??_I2C_Master_Init
   752  00FF  0829               	movf	I2C_Master_Init@c+1,w
   753  0100  00AD               	movwf	??_I2C_Master_Init+1
   754  0101  082A               	movf	I2C_Master_Init@c+2,w
   755  0102  00AE               	movwf	??_I2C_Master_Init+2
   756  0103  082B               	movf	I2C_Master_Init@c+3,w
   757  0104  00AF               	movwf	??_I2C_Master_Init+3
   758  0105  3002               	movlw	2
   759  0106                     u285:
   760  0106  1003               	clrc
   761  0107  0DAC               	rlf	??_I2C_Master_Init,f
   762  0108  0DAD               	rlf	??_I2C_Master_Init+1,f
   763  0109  0DAE               	rlf	??_I2C_Master_Init+2,f
   764  010A  0DAF               	rlf	??_I2C_Master_Init+3,f
   765  010B                     u280:
   766  010B  3EFF               	addlw	-1
   767  010C  1D03               	skipz
   768  010D  2906               	goto	u285
   769  010E  082F               	movf	??_I2C_Master_Init+3,w
   770  010F  00A3               	movwf	___lldiv@divisor+3
   771  0110  082E               	movf	??_I2C_Master_Init+2,w
   772  0111  00A2               	movwf	___lldiv@divisor+2
   773  0112  082D               	movf	??_I2C_Master_Init+1,w
   774  0113  00A1               	movwf	___lldiv@divisor+1
   775  0114  082C               	movf	??_I2C_Master_Init,w
   776  0115  00A0               	movwf	___lldiv@divisor
   777  0116  3000               	movlw	0
   778  0117  00A7               	movwf	___lldiv@dividend+3
   779  0118  307A               	movlw	122
   780  0119  00A6               	movwf	___lldiv@dividend+2
   781  011A  3012               	movlw	18
   782  011B  00A5               	movwf	___lldiv@dividend+1
   783  011C  3000               	movlw	0
   784  011D  00A4               	movwf	___lldiv@dividend
   785  011E  120A  118A  2025  120A  118A  	fcall	___lldiv
   786  0123  1283               	bcf	3,5	;RP0=0, select bank0
   787  0124  1303               	bcf	3,6	;RP1=0, select bank0
   788  0125  0820               	movf	?___lldiv,w
   789  0126  3EFF               	addlw	255
   790  0127  1683               	bsf	3,5	;RP0=1, select bank1
   791  0128  1303               	bcf	3,6	;RP1=0, select bank1
   792  0129  0093               	movwf	19	;volatile
   793  012A                     l911:
   794                           
   795                           ;I2C.c: 17:     SSPSTAT = 0;
   796  012A  0194               	clrf	20	;volatile
   797  012B                     l913:
   798                           
   799                           ;I2C.c: 18:     TRISCbits.TRISC3 = 1;
   800  012B  1587               	bsf	7,3	;volatile
   801  012C                     l915:
   802                           
   803                           ;I2C.c: 19:     TRISCbits.TRISC4 = 1;
   804  012C  1607               	bsf	7,4	;volatile
   805  012D                     l85:
   806  012D  0008               	return
   807  012E                     __end_of_I2C_Master_Init:
   808                           
   809                           	psect	text3
   810  0025                     __ptext3:	
   811 ;; *************** function ___lldiv *****************
   812 ;; Defined at:
   813 ;;		line 5 in file "C:\Program Files\Microchip\xc8\v2.32\pic\sources\c90\common\__lldiv.c"
   814 ;; Parameters:    Size  Location     Type
   815 ;;  divisor         4    0[BANK0 ] unsigned long 
   816 ;;  dividend        4    4[BANK0 ] unsigned long 
   817 ;; Auto vars:     Size  Location     Type
   818 ;;  quotient        4    3[COMMON] unsigned long 
   819 ;;  counter         1    7[COMMON] unsigned char 
   820 ;; Return value:  Size  Location     Type
   821 ;;                  4    0[BANK0 ] unsigned long 
   822 ;; Registers used:
   823 ;;		wreg, status,2, status,0
   824 ;; Tracked objects:
   825 ;;		On entry : 0/0
   826 ;;		On exit  : 0/0
   827 ;;		Unchanged: 0/0
   828 ;; Data sizes:     COMMON   BANK0   BANK1   BANK3   BANK2
   829 ;;      Params:         0       8       0       0       0
   830 ;;      Locals:         5       0       0       0       0
   831 ;;      Temps:          1       0       0       0       0
   832 ;;      Totals:         6       8       0       0       0
   833 ;;Total ram usage:       14 bytes
   834 ;; Hardware stack levels used: 1
   835 ;; Hardware stack levels required when called: 1
   836 ;; This function calls:
   837 ;;		Nothing
   838 ;; This function is called by:
   839 ;;		_I2C_Master_Init
   840 ;; This function uses a non-reentrant model
   841 ;;
   842                           
   843                           
   844                           ;psect for function ___lldiv
   845  0025                     ___lldiv:
   846  0025                     l881:	
   847                           ;incstack = 0
   848                           ; Regs used in ___lldiv: [wreg+status,2+status,0]
   849                           
   850  0025  3000               	movlw	0
   851  0026  00F6               	movwf	___lldiv@quotient+3
   852  0027  3000               	movlw	0
   853  0028  00F5               	movwf	___lldiv@quotient+2
   854  0029  3000               	movlw	0
   855  002A  00F4               	movwf	___lldiv@quotient+1
   856  002B  3000               	movlw	0
   857  002C  00F3               	movwf	___lldiv@quotient
   858  002D  1283               	bcf	3,5	;RP0=0, select bank0
   859  002E  1303               	bcf	3,6	;RP1=0, select bank0
   860  002F  0823               	movf	___lldiv@divisor+3,w
   861  0030  0422               	iorwf	___lldiv@divisor+2,w
   862  0031  0421               	iorwf	___lldiv@divisor+1,w
   863  0032  0420               	iorwf	___lldiv@divisor,w
   864  0033  1903               	skipnz
   865  0034  2836               	goto	u211
   866  0035  2837               	goto	u210
   867  0036                     u211:
   868  0036  2884               	goto	l901
   869  0037                     u210:
   870  0037                     l883:
   871  0037  01F7               	clrf	___lldiv@counter
   872  0038  0AF7               	incf	___lldiv@counter,f
   873  0039  2847               	goto	l887
   874  003A                     l885:
   875  003A  3001               	movlw	1
   876  003B  00F2               	movwf	??___lldiv
   877  003C                     u225:
   878  003C  1003               	clrc
   879  003D  0DA0               	rlf	___lldiv@divisor,f
   880  003E  0DA1               	rlf	___lldiv@divisor+1,f
   881  003F  0DA2               	rlf	___lldiv@divisor+2,f
   882  0040  0DA3               	rlf	___lldiv@divisor+3,f
   883  0041  0BF2               	decfsz	??___lldiv,f
   884  0042  283C               	goto	u225
   885  0043  3001               	movlw	1
   886  0044  00F2               	movwf	??___lldiv
   887  0045  0872               	movf	??___lldiv,w
   888  0046  07F7               	addwf	___lldiv@counter,f
   889  0047                     l887:
   890  0047  1FA3               	btfss	___lldiv@divisor+3,7
   891  0048  284A               	goto	u231
   892  0049  284B               	goto	u230
   893  004A                     u231:
   894  004A  283A               	goto	l885
   895  004B                     u230:
   896  004B                     l889:
   897  004B  3001               	movlw	1
   898  004C  00F2               	movwf	??___lldiv
   899  004D                     u245:
   900  004D  1003               	clrc
   901  004E  0DF3               	rlf	___lldiv@quotient,f
   902  004F  0DF4               	rlf	___lldiv@quotient+1,f
   903  0050  0DF5               	rlf	___lldiv@quotient+2,f
   904  0051  0DF6               	rlf	___lldiv@quotient+3,f
   905  0052  0BF2               	decfsz	??___lldiv,f
   906  0053  284D               	goto	u245
   907  0054                     l891:
   908  0054  0823               	movf	___lldiv@divisor+3,w
   909  0055  0227               	subwf	___lldiv@dividend+3,w
   910  0056  1D03               	skipz
   911  0057  2862               	goto	u255
   912  0058  0822               	movf	___lldiv@divisor+2,w
   913  0059  0226               	subwf	___lldiv@dividend+2,w
   914  005A  1D03               	skipz
   915  005B  2862               	goto	u255
   916  005C  0821               	movf	___lldiv@divisor+1,w
   917  005D  0225               	subwf	___lldiv@dividend+1,w
   918  005E  1D03               	skipz
   919  005F  2862               	goto	u255
   920  0060  0820               	movf	___lldiv@divisor,w
   921  0061  0224               	subwf	___lldiv@dividend,w
   922  0062                     u255:
   923  0062  1C03               	skipc
   924  0063  2865               	goto	u251
   925  0064  2866               	goto	u250
   926  0065                     u251:
   927  0065  2875               	goto	l897
   928  0066                     u250:
   929  0066                     l893:
   930  0066  0820               	movf	___lldiv@divisor,w
   931  0067  02A4               	subwf	___lldiv@dividend,f
   932  0068  0821               	movf	___lldiv@divisor+1,w
   933  0069  1C03               	skipc
   934  006A  0F21               	incfsz	___lldiv@divisor+1,w
   935  006B  02A5               	subwf	___lldiv@dividend+1,f
   936  006C  0822               	movf	___lldiv@divisor+2,w
   937  006D  1C03               	skipc
   938  006E  0F22               	incfsz	___lldiv@divisor+2,w
   939  006F  02A6               	subwf	___lldiv@dividend+2,f
   940  0070  0823               	movf	___lldiv@divisor+3,w
   941  0071  1C03               	skipc
   942  0072  0F23               	incfsz	___lldiv@divisor+3,w
   943  0073  02A7               	subwf	___lldiv@dividend+3,f
   944  0074                     l895:
   945  0074  1473               	bsf	___lldiv@quotient,0
   946  0075                     l897:
   947  0075  3001               	movlw	1
   948  0076                     u265:
   949  0076  1003               	clrc
   950  0077  0CA3               	rrf	___lldiv@divisor+3,f
   951  0078  0CA2               	rrf	___lldiv@divisor+2,f
   952  0079  0CA1               	rrf	___lldiv@divisor+1,f
   953  007A  0CA0               	rrf	___lldiv@divisor,f
   954  007B  3EFF               	addlw	-1
   955  007C  1D03               	skipz
   956  007D  2876               	goto	u265
   957  007E                     l899:
   958  007E  3001               	movlw	1
   959  007F  02F7               	subwf	___lldiv@counter,f
   960  0080  1D03               	btfss	3,2
   961  0081  2883               	goto	u271
   962  0082  2884               	goto	u270
   963  0083                     u271:
   964  0083  284B               	goto	l889
   965  0084                     u270:
   966  0084                     l901:
   967  0084  0876               	movf	___lldiv@quotient+3,w
   968  0085  00A3               	movwf	?___lldiv+3
   969  0086  0875               	movf	___lldiv@quotient+2,w
   970  0087  00A2               	movwf	?___lldiv+2
   971  0088  0874               	movf	___lldiv@quotient+1,w
   972  0089  00A1               	movwf	?___lldiv+1
   973  008A  0873               	movf	___lldiv@quotient,w
   974  008B  00A0               	movwf	?___lldiv
   975  008C                     l233:
   976  008C  0008               	return
   977  008D                     __end_of___lldiv:
   978                           
   979                           	psect	text4
   980  0187                     __ptext4:	
   981 ;; *************** function _I2C_Master_Write *****************
   982 ;; Defined at:
   983 ;;		line 61 in file "I2C.c"
   984 ;; Parameters:    Size  Location     Type
   985 ;;  d               2    2[COMMON] unsigned int 
   986 ;; Auto vars:     Size  Location     Type
   987 ;;		None
   988 ;; Return value:  Size  Location     Type
   989 ;;                  1    wreg      void 
   990 ;; Registers used:
   991 ;;		wreg, status,2, status,0, pclath, cstack
   992 ;; Tracked objects:
   993 ;;		On entry : 0/0
   994 ;;		On exit  : 0/0
   995 ;;		Unchanged: 0/0
   996 ;; Data sizes:     COMMON   BANK0   BANK1   BANK3   BANK2
   997 ;;      Params:         2       0       0       0       0
   998 ;;      Locals:         0       0       0       0       0
   999 ;;      Temps:          0       0       0       0       0
  1000 ;;      Totals:         2       0       0       0       0
  1001 ;;Total ram usage:        2 bytes
  1002 ;; Hardware stack levels used: 1
  1003 ;; Hardware stack levels required when called: 2
  1004 ;; This function calls:
  1005 ;;		_I2C_Master_Wait
  1006 ;; This function is called by:
  1007 ;;		_main
  1008 ;; This function uses a non-reentrant model
  1009 ;;
  1010                           
  1011                           
  1012                           ;psect for function _I2C_Master_Write
  1013  0187                     _I2C_Master_Write:
  1014  0187                     l847:	
  1015                           ;incstack = 0
  1016                           ; Regs used in _I2C_Master_Write: [wreg+status,2+status,0+pclath+cstack]
  1017                           
  1018                           
  1019                           ;I2C.c: 61: void I2C_Master_Write(unsigned d);I2C.c: 62: {;I2C.c: 63:     I2C_Master_Wai
      +                          t();
  1020  0187  120A  118A  217A  120A  118A  	fcall	_I2C_Master_Wait
  1021  018C                     l849:
  1022                           
  1023                           ;I2C.c: 64:     SSPBUF = d;
  1024  018C  0872               	movf	I2C_Master_Write@d,w
  1025  018D  1283               	bcf	3,5	;RP0=0, select bank0
  1026  018E  1303               	bcf	3,6	;RP1=0, select bank0
  1027  018F  0093               	movwf	19	;volatile
  1028  0190                     l103:
  1029  0190  0008               	return
  1030  0191                     __end_of_I2C_Master_Write:
  1031                           
  1032                           	psect	text5
  1033  0191                     __ptext5:	
  1034 ;; *************** function _I2C_Master_Stop *****************
  1035 ;; Defined at:
  1036 ;;		line 51 in file "I2C.c"
  1037 ;; Parameters:    Size  Location     Type
  1038 ;;		None
  1039 ;; Auto vars:     Size  Location     Type
  1040 ;;		None
  1041 ;; Return value:  Size  Location     Type
  1042 ;;                  1    wreg      void 
  1043 ;; Registers used:
  1044 ;;		wreg, status,2, status,0, pclath, cstack
  1045 ;; Tracked objects:
  1046 ;;		On entry : 0/0
  1047 ;;		On exit  : 0/0
  1048 ;;		Unchanged: 0/0
  1049 ;; Data sizes:     COMMON   BANK0   BANK1   BANK3   BANK2
  1050 ;;      Params:         0       0       0       0       0
  1051 ;;      Locals:         0       0       0       0       0
  1052 ;;      Temps:          0       0       0       0       0
  1053 ;;      Totals:         0       0       0       0       0
  1054 ;;Total ram usage:        0 bytes
  1055 ;; Hardware stack levels used: 1
  1056 ;; Hardware stack levels required when called: 2
  1057 ;; This function calls:
  1058 ;;		_I2C_Master_Wait
  1059 ;; This function is called by:
  1060 ;;		_main
  1061 ;; This function uses a non-reentrant model
  1062 ;;
  1063                           
  1064                           
  1065                           ;psect for function _I2C_Master_Stop
  1066  0191                     _I2C_Master_Stop:
  1067  0191                     l755:	
  1068                           ;incstack = 0
  1069                           ; Regs used in _I2C_Master_Stop: [wreg+status,2+status,0+pclath+cstack]
  1070                           
  1071                           
  1072                           ;I2C.c: 53:     I2C_Master_Wait();
  1073  0191  120A  118A  217A  120A  118A  	fcall	_I2C_Master_Wait
  1074  0196                     l757:
  1075                           
  1076                           ;I2C.c: 54:     SSPCON2bits.PEN = 1;
  1077  0196  1683               	bsf	3,5	;RP0=1, select bank1
  1078  0197  1303               	bcf	3,6	;RP1=0, select bank1
  1079  0198  1511               	bsf	17,2	;volatile
  1080  0199                     l100:
  1081  0199  0008               	return
  1082  019A                     __end_of_I2C_Master_Stop:
  1083                           
  1084                           	psect	text6
  1085  019A                     __ptext6:	
  1086 ;; *************** function _I2C_Master_Start *****************
  1087 ;; Defined at:
  1088 ;;		line 35 in file "I2C.c"
  1089 ;; Parameters:    Size  Location     Type
  1090 ;;		None
  1091 ;; Auto vars:     Size  Location     Type
  1092 ;;		None
  1093 ;; Return value:  Size  Location     Type
  1094 ;;                  1    wreg      void 
  1095 ;; Registers used:
  1096 ;;		wreg, status,2, status,0, pclath, cstack
  1097 ;; Tracked objects:
  1098 ;;		On entry : 0/0
  1099 ;;		On exit  : 0/0
  1100 ;;		Unchanged: 0/0
  1101 ;; Data sizes:     COMMON   BANK0   BANK1   BANK3   BANK2
  1102 ;;      Params:         0       0       0       0       0
  1103 ;;      Locals:         0       0       0       0       0
  1104 ;;      Temps:          0       0       0       0       0
  1105 ;;      Totals:         0       0       0       0       0
  1106 ;;Total ram usage:        0 bytes
  1107 ;; Hardware stack levels used: 1
  1108 ;; Hardware stack levels required when called: 2
  1109 ;; This function calls:
  1110 ;;		_I2C_Master_Wait
  1111 ;; This function is called by:
  1112 ;;		_main
  1113 ;; This function uses a non-reentrant model
  1114 ;;
  1115                           
  1116                           
  1117                           ;psect for function _I2C_Master_Start
  1118  019A                     _I2C_Master_Start:
  1119  019A                     l747:	
  1120                           ;incstack = 0
  1121                           ; Regs used in _I2C_Master_Start: [wreg+status,2+status,0+pclath+cstack]
  1122                           
  1123                           
  1124                           ;I2C.c: 37:     I2C_Master_Wait();
  1125  019A  120A  118A  217A  120A  118A  	fcall	_I2C_Master_Wait
  1126  019F                     l749:
  1127                           
  1128                           ;I2C.c: 38:     SSPCON2bits.SEN = 1;
  1129  019F  1683               	bsf	3,5	;RP0=1, select bank1
  1130  01A0  1303               	bcf	3,6	;RP1=0, select bank1
  1131  01A1  1411               	bsf	17,0	;volatile
  1132  01A2                     l94:
  1133  01A2  0008               	return
  1134  01A3                     __end_of_I2C_Master_Start:
  1135                           
  1136                           	psect	text7
  1137  012E                     __ptext7:	
  1138 ;; *************** function _I2C_Master_Read *****************
  1139 ;; Defined at:
  1140 ;;		line 70 in file "I2C.c"
  1141 ;; Parameters:    Size  Location     Type
  1142 ;;  a               2    2[COMMON] unsigned short 
  1143 ;; Auto vars:     Size  Location     Type
  1144 ;;  temp            2    6[COMMON] unsigned short 
  1145 ;; Return value:  Size  Location     Type
  1146 ;;                  2    2[COMMON] unsigned short 
  1147 ;; Registers used:
  1148 ;;		wreg, status,2, status,0, pclath, cstack
  1149 ;; Tracked objects:
  1150 ;;		On entry : 0/0
  1151 ;;		On exit  : 0/0
  1152 ;;		Unchanged: 0/0
  1153 ;; Data sizes:     COMMON   BANK0   BANK1   BANK3   BANK2
  1154 ;;      Params:         2       0       0       0       0
  1155 ;;      Locals:         2       0       0       0       0
  1156 ;;      Temps:          2       0       0       0       0
  1157 ;;      Totals:         6       0       0       0       0
  1158 ;;Total ram usage:        6 bytes
  1159 ;; Hardware stack levels used: 1
  1160 ;; Hardware stack levels required when called: 2
  1161 ;; This function calls:
  1162 ;;		_I2C_Master_Wait
  1163 ;; This function is called by:
  1164 ;;		_main
  1165 ;; This function uses a non-reentrant model
  1166 ;;
  1167                           
  1168                           
  1169                           ;psect for function _I2C_Master_Read
  1170  012E                     _I2C_Master_Read:
  1171  012E                     l851:	
  1172                           ;incstack = 0
  1173                           ; Regs used in _I2C_Master_Read: [wreg+status,2+status,0+pclath+cstack]
  1174                           
  1175                           
  1176                           ;I2C.c: 70: unsigned short I2C_Master_Read(unsigned short a);I2C.c: 71: {;I2C.c: 72:    
      +                           unsigned short temp;;I2C.c: 73:     I2C_Master_Wait();
  1177  012E  120A  118A  217A  120A  118A  	fcall	_I2C_Master_Wait
  1178  0133                     l853:
  1179                           
  1180                           ;I2C.c: 74:     SSPCON2bits.RCEN = 1;
  1181  0133  1683               	bsf	3,5	;RP0=1, select bank1
  1182  0134  1303               	bcf	3,6	;RP1=0, select bank1
  1183  0135  1591               	bsf	17,3	;volatile
  1184                           
  1185                           ;I2C.c: 75:     I2C_Master_Wait();
  1186  0136  120A  118A  217A  120A  118A  	fcall	_I2C_Master_Wait
  1187  013B                     l855:
  1188                           
  1189                           ;I2C.c: 76:     temp = SSPBUF;
  1190  013B  1283               	bcf	3,5	;RP0=0, select bank0
  1191  013C  1303               	bcf	3,6	;RP1=0, select bank0
  1192  013D  0813               	movf	19,w	;volatile
  1193  013E  00F4               	movwf	??_I2C_Master_Read
  1194  013F  01F5               	clrf	??_I2C_Master_Read+1
  1195  0140  0874               	movf	??_I2C_Master_Read,w
  1196  0141  00F6               	movwf	I2C_Master_Read@temp
  1197  0142  0875               	movf	??_I2C_Master_Read+1,w
  1198  0143  00F7               	movwf	I2C_Master_Read@temp+1
  1199  0144                     l857:
  1200                           
  1201                           ;I2C.c: 77:     I2C_Master_Wait();
  1202  0144  120A  118A  217A  120A  118A  	fcall	_I2C_Master_Wait
  1203  0149                     l859:
  1204                           
  1205                           ;I2C.c: 78:     if(a == 1){
  1206  0149  0372               	decf	I2C_Master_Read@a,w
  1207  014A  0473               	iorwf	I2C_Master_Read@a+1,w
  1208  014B  1D03               	btfss	3,2
  1209  014C  294E               	goto	u201
  1210  014D  294F               	goto	u200
  1211  014E                     u201:
  1212  014E  2953               	goto	l106
  1213  014F                     u200:
  1214  014F                     l861:
  1215                           
  1216                           ;I2C.c: 79:         SSPCON2bits.ACKDT = 0;
  1217  014F  1683               	bsf	3,5	;RP0=1, select bank1
  1218  0150  1303               	bcf	3,6	;RP1=0, select bank1
  1219  0151  1291               	bcf	17,5	;volatile
  1220                           
  1221                           ;I2C.c: 80:     }else{
  1222  0152  2956               	goto	l107
  1223  0153                     l106:
  1224                           
  1225                           ;I2C.c: 81:         SSPCON2bits.ACKDT = 1;
  1226  0153  1683               	bsf	3,5	;RP0=1, select bank1
  1227  0154  1303               	bcf	3,6	;RP1=0, select bank1
  1228  0155  1691               	bsf	17,5	;volatile
  1229  0156                     l107:	
  1230                           ;I2C.c: 82:     }
  1231                           
  1232                           
  1233                           ;I2C.c: 83:     SSPCON2bits.ACKEN = 1;
  1234  0156  1611               	bsf	17,4	;volatile
  1235  0157                     l863:
  1236                           
  1237                           ;I2C.c: 84:     return temp;
  1238  0157  0877               	movf	I2C_Master_Read@temp+1,w
  1239  0158  00F3               	movwf	?_I2C_Master_Read+1
  1240  0159  0876               	movf	I2C_Master_Read@temp,w
  1241  015A  00F2               	movwf	?_I2C_Master_Read
  1242  015B                     l108:
  1243  015B  0008               	return
  1244  015C                     __end_of_I2C_Master_Read:
  1245                           
  1246                           	psect	text8
  1247  017A                     __ptext8:	
  1248 ;; *************** function _I2C_Master_Wait *****************
  1249 ;; Defined at:
  1250 ;;		line 28 in file "I2C.c"
  1251 ;; Parameters:    Size  Location     Type
  1252 ;;		None
  1253 ;; Auto vars:     Size  Location     Type
  1254 ;;		None
  1255 ;; Return value:  Size  Location     Type
  1256 ;;                  1    wreg      void 
  1257 ;; Registers used:
  1258 ;;		wreg, status,2
  1259 ;; Tracked objects:
  1260 ;;		On entry : 0/0
  1261 ;;		On exit  : 0/0
  1262 ;;		Unchanged: 0/0
  1263 ;; Data sizes:     COMMON   BANK0   BANK1   BANK3   BANK2
  1264 ;;      Params:         0       0       0       0       0
  1265 ;;      Locals:         0       0       0       0       0
  1266 ;;      Temps:          0       0       0       0       0
  1267 ;;      Totals:         0       0       0       0       0
  1268 ;;Total ram usage:        0 bytes
  1269 ;; Hardware stack levels used: 1
  1270 ;; Hardware stack levels required when called: 1
  1271 ;; This function calls:
  1272 ;;		Nothing
  1273 ;; This function is called by:
  1274 ;;		_I2C_Master_Start
  1275 ;;		_I2C_Master_Stop
  1276 ;;		_I2C_Master_Write
  1277 ;;		_I2C_Master_Read
  1278 ;;		_I2C_Master_RepeatedStart
  1279 ;; This function uses a non-reentrant model
  1280 ;;
  1281                           
  1282                           
  1283                           ;psect for function _I2C_Master_Wait
  1284  017A                     _I2C_Master_Wait:
  1285  017A                     l739:	
  1286                           ;incstack = 0
  1287                           ; Regs used in _I2C_Master_Wait: [wreg+status,2]
  1288                           
  1289  017A                     l88:	
  1290                           ;I2C.c: 30:     while ((SSPSTAT & 0x04) || (SSPCON2 & 0x1F));
  1291                           
  1292  017A  1683               	bsf	3,5	;RP0=1, select bank1
  1293  017B  1303               	bcf	3,6	;RP1=0, select bank1
  1294  017C  1914               	btfsc	20,2	;volatile
  1295  017D  297F               	goto	u91
  1296  017E  2980               	goto	u90
  1297  017F                     u91:
  1298  017F  297A               	goto	l88
  1299  0180                     u90:
  1300  0180                     l741:
  1301  0180  0811               	movf	17,w	;volatile
  1302  0181  391F               	andlw	31
  1303  0182  1D03               	btfss	3,2
  1304  0183  2985               	goto	u101
  1305  0184  2986               	goto	u100
  1306  0185                     u101:
  1307  0185  297A               	goto	l88
  1308  0186                     u100:
  1309  0186                     l91:
  1310  0186  0008               	return
  1311  0187                     __end_of_I2C_Master_Wait:
  1312                           
  1313                           	psect	text9
  1314  01A3                     __ptext9:	
  1315 ;; *************** function _isr *****************
  1316 ;; Defined at:
  1317 ;;		line 69 in file "Master.c"
  1318 ;; Parameters:    Size  Location     Type
  1319 ;;		None
  1320 ;; Auto vars:     Size  Location     Type
  1321 ;;		None
  1322 ;; Return value:  Size  Location     Type
  1323 ;;                  1    wreg      void 
  1324 ;; Registers used:
  1325 ;;		None
  1326 ;; Tracked objects:
  1327 ;;		On entry : 0/0
  1328 ;;		On exit  : 0/0
  1329 ;;		Unchanged: 0/0
  1330 ;; Data sizes:     COMMON   BANK0   BANK1   BANK3   BANK2
  1331 ;;      Params:         0       0       0       0       0
  1332 ;;      Locals:         0       0       0       0       0
  1333 ;;      Temps:          2       0       0       0       0
  1334 ;;      Totals:         2       0       0       0       0
  1335 ;;Total ram usage:        2 bytes
  1336 ;; Hardware stack levels used: 1
  1337 ;; This function calls:
  1338 ;;		Nothing
  1339 ;; This function is called by:
  1340 ;;		Interrupt level 1
  1341 ;; This function uses a non-reentrant model
  1342 ;;
  1343                           
  1344                           
  1345                           ;psect for function _isr
  1346  01A3                     _isr:
  1347  01A3                     i1l45:
  1348  01A3  0871               	movf	??_isr+1,w
  1349  01A4  008A               	movwf	10
  1350  01A5  0E70               	swapf	??_isr,w
  1351  01A6  0083               	movwf	3
  1352  01A7  0EFE               	swapf	btemp,f
  1353  01A8  0E7E               	swapf	btemp,w
  1354  01A9  0009               	retfie
  1355  01AA                     __end_of_isr:
  1356  007E                     btemp	set	126	;btemp
  1357  007E                     wtemp0	set	126
  1358                           
  1359                           	psect	intentry
  1360  0004                     __pintentry:	
  1361                           ;incstack = 0
  1362                           ; Regs used in _isr: []
  1363                           
  1364  0004                     interrupt_function:
  1365  007E                     saved_w	set	btemp
  1366  0004  00FE               	movwf	btemp
  1367  0005  0E03               	swapf	3,w
  1368  0006  00F0               	movwf	??_isr
  1369  0007  080A               	movf	10,w
  1370  0008  00F1               	movwf	??_isr+1
  1371  0009  120A  118A  29A3   	ljmp	_isr
  1372                           
  1373                           	psect	config
  1374                           
  1375                           ;Config register CONFIG1 @ 0x2007
  1376                           ;	Oscillator Selection bits
  1377                           ;	FOSC = EXTRC_NOCLKOUT, RCIO oscillator: I/O function on RA6/OSC2/CLKOUT pin, RC on RA7
      +                          /OSC1/CLKIN
  1378                           ;	Watchdog Timer Enable bit
  1379                           ;	WDTE = OFF, WDT disabled and can be enabled by SWDTEN bit of the WDTCON register
  1380                           ;	Power-up Timer Enable bit
  1381                           ;	PWRTE = OFF, PWRT disabled
  1382                           ;	RE3/MCLR pin function select bit
  1383                           ;	MCLRE = OFF, RE3/MCLR pin function is digital input, MCLR internally tied to VDD
  1384                           ;	Code Protection bit
  1385                           ;	CP = OFF, Program memory code protection is disabled
  1386                           ;	Data Code Protection bit
  1387                           ;	CPD = OFF, Data memory code protection is disabled
  1388                           ;	Brown Out Reset Selection bits
  1389                           ;	BOREN = OFF, BOR disabled
  1390                           ;	Internal External Switchover bit
  1391                           ;	IESO = OFF, Internal/External Switchover mode is disabled
  1392                           ;	Fail-Safe Clock Monitor Enabled bit
  1393                           ;	FCMEN = OFF, Fail-Safe Clock Monitor is disabled
  1394                           ;	Low Voltage Programming Enable bit
  1395                           ;	LVP = ON, RB3/PGM pin has PGM function, low voltage programming enabled
  1396                           ;	In-Circuit Debugger Mode bit
  1397                           ;	DEBUG = 0x1, unprogrammed default
  1398  2007                     	org	8199
  1399  2007  30D6               	dw	12502
  1400                           
  1401                           ;Config register CONFIG2 @ 0x2008
  1402                           ;	Brown-out Reset Selection bit
  1403                           ;	BOR4V = BOR40V, Brown-out Reset set to 4.0V
  1404                           ;	Flash Program Memory Self Write Enable bits
  1405                           ;	WRT = OFF, Write protection off
  1406  2008                     	org	8200
  1407  2008  3FFF               	dw	16383

Data Sizes:
    Strings     0
    Constant    0
    Data        0
    BSS         16
    Persistent  0
    Stack       0

Auto Spaces:
    Space          Size  Autos    Used
    COMMON           14      8      11
    BANK0            80     19      32
    BANK1            80      0       0
    BANK3            96      0       0
    BANK2            96      0       0

Pointer List with Targets:

    None.

Critical Paths under _main in COMMON

    _main->_I2C_Master_Read
    _I2C_Master_Init->___lldiv

Critical Paths under _isr in COMMON

    None.

Critical Paths under _main in BANK0

    _setup->_I2C_Master_Init
    _I2C_Master_Init->___lldiv

Critical Paths under _isr in BANK0

    None.

Critical Paths under _main in BANK1

    None.

Critical Paths under _isr in BANK1

    None.

Critical Paths under _main in BANK3

    None.

Critical Paths under _isr in BANK3

    None.

Critical Paths under _main in BANK2

    None.

Critical Paths under _isr in BANK2

    None.

Call Graph Tables:

 ---------------------------------------------------------------------------------
 (Depth) Function   	        Calls       Base Space   Used Autos Params    Refs
 ---------------------------------------------------------------------------------
 (0) _main                                                 3     3      0     913
                                             16 BANK0      3     3      0
                    _I2C_Master_Read
                   _I2C_Master_Start
                    _I2C_Master_Stop
                   _I2C_Master_Write
                              _setup
 ---------------------------------------------------------------------------------
 (1) _setup                                                0     0      0     542
                    _I2C_Master_Init
 ---------------------------------------------------------------------------------
 (2) _I2C_Master_Init                                      8     4      4     542
                                              8 BANK0      8     4      4
                            ___lldiv
 ---------------------------------------------------------------------------------
 (3) ___lldiv                                             14     6      8     421
                                              2 COMMON     6     6      0
                                              0 BANK0      8     0      8
 ---------------------------------------------------------------------------------
 (1) _I2C_Master_Write                                     2     0      2     250
                                              2 COMMON     2     0      2
                    _I2C_Master_Wait
 ---------------------------------------------------------------------------------
 (1) _I2C_Master_Stop                                      0     0      0       0
                    _I2C_Master_Wait
 ---------------------------------------------------------------------------------
 (1) _I2C_Master_Start                                     0     0      0       0
                    _I2C_Master_Wait
 ---------------------------------------------------------------------------------
 (1) _I2C_Master_Read                                      6     4      2     121
                                              2 COMMON     6     4      2
                    _I2C_Master_Wait
 ---------------------------------------------------------------------------------
 (2) _I2C_Master_Wait                                      0     0      0       0
 ---------------------------------------------------------------------------------
 Estimated maximum stack depth 3
 ---------------------------------------------------------------------------------
 (Depth) Function   	        Calls       Base Space   Used Autos Params    Refs
 ---------------------------------------------------------------------------------
 (4) _isr                                                  2     2      0       0
                                              0 COMMON     2     2      0
 ---------------------------------------------------------------------------------
 Estimated maximum stack depth 4
 ---------------------------------------------------------------------------------

 Call Graph Graphs:

 _main (ROOT)
   _I2C_Master_Read
     _I2C_Master_Wait
   _I2C_Master_Start
     _I2C_Master_Wait
   _I2C_Master_Stop
     _I2C_Master_Wait
   _I2C_Master_Write
     _I2C_Master_Wait
   _setup
     _I2C_Master_Init
       ___lldiv

 _isr (ROOT)

 Address spaces:
Name               Size   Autos  Total    Cost      Usage
BITCOMMON            E      0       0       0        0.0%
EEDATA             100      0       0       0        0.0%
NULL                 0      0       0       0        0.0%
CODE                 0      0       0       0        0.0%
COMMON               E      8       B       1       78.6%
BITSFR0              0      0       0       1        0.0%
SFR0                 0      0       0       1        0.0%
BITSFR1              0      0       0       2        0.0%
SFR1                 0      0       0       2        0.0%
STACK                0      0       0       2        0.0%
ABS                  0      0      2B       3        0.0%
BITBANK0            50      0       0       4        0.0%
BITSFR3              0      0       0       4        0.0%
SFR3                 0      0       0       4        0.0%
BANK0               50     13      20       5       40.0%
BITSFR2              0      0       0       5        0.0%
SFR2                 0      0       0       5        0.0%
BITBANK1            50      0       0       6        0.0%
BANK1               50      0       0       7        0.0%
BITBANK3            60      0       0       8        0.0%
BANK3               60      0       0       9        0.0%
BITBANK2            60      0       0      10        0.0%
BANK2               60      0       0      11        0.0%
DATA                 0      0      2B      12        0.0%


Microchip Technology PIC Macro Assembler V2.32 build 20210201212658 
Symbol Table                                                                                   Fri Aug 06 16:53:40 2021

                       l50 0092                         l56 0179                         l91 0186  
                       l85 012D                         l94 01A2                         l88 017A  
                       u90 0180                         u91 017F                         _op 003F  
                      l100 0199                        l103 0190                        l106 0153  
                      l107 0156                        l108 015B                        l233 008C  
                      l741 0180                        l901 0084                        l911 012A  
                      l913 012B                        l905 00F4                        l921 008D  
                      l739 017A                        l851 012E                        l747 019A  
                      l755 0191                        l915 012C                        l907 00F8  
                      l931 00DC                        l923 00B3                        l861 014F  
                      l853 0133                        l749 019F                        l757 0196  
                      l909 00FB                        l917 015C                        l933 00E1  
                      l925 00C2                        l863 0157                        l855 013B  
                      l847 0187                        l919 016C                        l927 00C7  
                      l857 0144                        l849 018C                        l881 0025  
                      l929 00D0                        l859 0149                        l891 0054  
                      l883 0037                        l893 0066                        l885 003A  
                      l895 0074                        l887 0047                        l897 0075  
                      l889 004B                        l899 007E                        _GIE 005F  
                      u100 0186                        u101 0185                        u200 014F  
                      u201 014E                        u210 0037                        u211 0036  
                      u230 004B                        u231 004A                        u225 003C  
                      u250 0066                        u251 0065                        u307 00E9  
                      u245 004D                        u270 0084                        u271 0083  
                      u255 0062                        u280 010B                        u265 0076  
                      u285 0106                        u297 00BB                        _dig 007A  
                      _isr 01A3                       ?_isr 0070                       _PEIE 005E  
                     i1l45 01A3                       _dig1 003B                       _dig2 0037  
                     _dig3 0033                       _main 008D                       _val1 0079  
                     _val2 0078                       btemp 007E                       start 000C  
                    ??_isr 0070           ?_I2C_Master_Init 0028           ?_I2C_Master_Read 0072  
         ?_I2C_Master_Wait 0070           ?_I2C_Master_Stop 0070                      ?_main 0070  
                    _ANSEL 0188            __end_of___lldiv 008D                      _PORTB 0006  
                    _PORTD 0008                      _TRISB 0086                      _TRISD 0088  
                    _SSPIE 0463                      _SSPIF 0063                      _setup 015C  
                    pclath 000A                      status 0003                      wtemp0 007E  
          __initialization 000F               __end_of_main 00F4                     ??_main 0030  
        ?_I2C_Master_Start 0070          ?_I2C_Master_Write 0072         ??_I2C_Master_Start 0072  
       ??_I2C_Master_Write 0074                     ?_setup 0070                     _ANSELH 0189  
                   _SSPADD 0093                     _TRISC3 043B                     _TRISC4 043C  
                   _SSPCON 0014                     _SSPBUF 0013                  ??___lldiv 0072  
                   saved_w 007E    __end_of__initialization 0021             __pcstackCOMMON 0070  
            __end_of_setup 017A                    ??_setup 0078                 __pbssBANK0 0033  
               __pmaintext 008D                 __pintentry 0004                    _SSPCON2 0091  
                  _SSPSTAT 0094                    ___lldiv 0025                    __ptext1 015C  
                  __ptext2 00F4                    __ptext3 0025                    __ptext4 0187  
                  __ptext5 0191                    __ptext6 019A                    __ptext7 012E  
                  __ptext8 017A                    __ptext9 01A3               __size_of_isr 0007  
 __size_of_I2C_Master_Init 003A   __size_of_I2C_Master_Read 002E   __size_of_I2C_Master_Wait 000D  
 __size_of_I2C_Master_Stop 0009       end_of_initialization 0021  __size_of_I2C_Master_Start 0009  
__size_of_I2C_Master_Write 000A            ___lldiv@divisor 0020            ___lldiv@counter 0077  
         I2C_Master_Init@c 0028           I2C_Master_Read@a 0072                  _TRISCbits 0087  
      start_initialization 000F                __end_of_isr 01AA          ??_I2C_Master_Init 002C  
        ??_I2C_Master_Read 0074          ??_I2C_Master_Wait 0072          ??_I2C_Master_Stop 0072  
              __pbssCOMMON 0078                  ___latbits 0002              __pcstackBANK0 0020  
         _I2C_Master_Start 019A           _I2C_Master_Write 0187                   ?___lldiv 0020  
           __size_of_setup 001E          interrupt_function 0004        I2C_Master_Read@temp 0076  
         __size_of___lldiv 0068            _I2C_Master_Init 00F4            _I2C_Master_Read 012E  
          _I2C_Master_Wait 017A            _I2C_Master_Stop 0191              __size_of_main 0067  
 __end_of_I2C_Master_Start 01A3   __end_of_I2C_Master_Write 0191                   intlevel1 0000  
         ___lldiv@dividend 0024    __end_of_I2C_Master_Init 012E    __end_of_I2C_Master_Read 015C  
  __end_of_I2C_Master_Wait 0187    __end_of_I2C_Master_Stop 019A           ___lldiv@quotient 0073  
        I2C_Master_Write@d 0072                _SSPCON2bits 0091  
