

Microchip MPLAB XC8 Assembler V2.32 build 20210201212658 
                                                                                               Fri Aug 06 19:10:18 2021

Microchip MPLAB XC8 C Compiler v2.32 (Free license) build 20210201212658 Og1 
     1                           	processor	16F887
     2                           	pagewidth 120
     3                           	opt	flic
     4                           	psect	cinit,global,class=CODE,merge=1,delta=2
     5                           	psect	bssCOMMON,global,class=COMMON,space=1,delta=1,noexec
     6                           	psect	cstackCOMMON,global,class=COMMON,space=1,delta=1,noexec
     7                           	psect	maintext,global,class=CODE,split=1,delta=2
     8                           	psect	text1,local,class=CODE,merge=1,delta=2
     9                           	psect	text2,local,class=CODE,merge=1,delta=2
    10                           	psect	text3,local,class=CODE,merge=1,delta=2
    11                           	psect	text4,local,class=CODE,merge=1,delta=2
    12                           	psect	intentry,global,class=CODE,delta=2
    13                           	psect	config,global,abs,ovrld,class=CONFIG,space=4,delta=2,noexec
    14                           	dabs	1,0x7E,2
    15  0000                     
    16                           ; Version 2.20
    17                           ; Generated 12/02/2020 GMT
    18                           ; 
    19                           ; Copyright © 2020, Microchip Technology Inc. and its subsidiaries ("Microchip")
    20                           ; All rights reserved.
    21                           ; 
    22                           ; This software is developed by Microchip Technology Inc. and its subsidiaries ("Microch
      +                          ip").
    23                           ; 
    24                           ; Redistribution and use in source and binary forms, with or without modification, are
    25                           ; permitted provided that the following conditions are met:
    26                           ; 
    27                           ;     1. Redistributions of source code must retain the above copyright notice, this lis
      +                          t of
    28                           ;        conditions and the following disclaimer.
    29                           ; 
    30                           ;     2. Redistributions in binary form must reproduce the above copyright notice, this 
      +                          list
    31                           ;        of conditions and the following disclaimer in the documentation and/or other
    32                           ;        materials provided with the distribution.
    33                           ; 
    34                           ;     3. Microchip's name may not be used to endorse or promote products derived from th
      +                          is
    35                           ;        software without specific prior written permission.
    36                           ; 
    37                           ; THIS SOFTWARE IS PROVIDED BY MICROCHIP "AS IS" AND ANY EXPRESS OR IMPLIED WARRANTIES,
    38                           ; INCLUDING, BUT NOT LIMITED TO, THE IMPLIED WARRANTIES OF MERCHANTABILITY AND FITNESS F
      +                          OR
    39                           ; PURPOSE ARE DISCLAIMED.  IN NO EVENT SHALL MICROCHIP BE LIABLE FOR ANY DIRECT, INDIREC
      +                          T,
    40                           ; INCIDENTAL, SPECIAL, EXEMPLARY, OR CONSEQUENTIAL DAMAGES (INCLUDING BUT NOT LIMITED TO
    41                           ; PROCUREMENT OF SUBSTITUTE GOODS OR SERVICES; LOSS OF USE, DATA OR PROFITS; OR BUSINESS
    42                           ; INTERRUPTION) HOWSOEVER CAUSED AND ON ANY THEORY OF LIABILITY, WHETHER IN CONTRACT, ST
      +                          RICT
    43                           ; LIABILITY, OR TORT (INCLUDING NEGLIGENCE OR OTHERWISE) ARISING IN ANY WAY OUT OF THE U
      +                          SE OF
    44                           ; THIS SOFTWARE, EVEN IF ADVISED OF THE POSSIBILITY OF SUCH DAMAGE.
    45                           ; 
    46                           ; 
    47                           ; Code-generator required, PIC16F887 Definitions
    48                           ; 
    49                           ; SFR Addresses
    50  0000                     	;# 
    51  0001                     	;# 
    52  0002                     	;# 
    53  0003                     	;# 
    54  0004                     	;# 
    55  0005                     	;# 
    56  0006                     	;# 
    57  0007                     	;# 
    58  0008                     	;# 
    59  0009                     	;# 
    60  000A                     	;# 
    61  000B                     	;# 
    62  000C                     	;# 
    63  000D                     	;# 
    64  000E                     	;# 
    65  000E                     	;# 
    66  000F                     	;# 
    67  0010                     	;# 
    68  0011                     	;# 
    69  0012                     	;# 
    70  0013                     	;# 
    71  0014                     	;# 
    72  0015                     	;# 
    73  0015                     	;# 
    74  0016                     	;# 
    75  0017                     	;# 
    76  0018                     	;# 
    77  0019                     	;# 
    78  001A                     	;# 
    79  001B                     	;# 
    80  001B                     	;# 
    81  001C                     	;# 
    82  001D                     	;# 
    83  001E                     	;# 
    84  001F                     	;# 
    85  0081                     	;# 
    86  0085                     	;# 
    87  0086                     	;# 
    88  0087                     	;# 
    89  0088                     	;# 
    90  0089                     	;# 
    91  008C                     	;# 
    92  008D                     	;# 
    93  008E                     	;# 
    94  008F                     	;# 
    95  0090                     	;# 
    96  0091                     	;# 
    97  0092                     	;# 
    98  0093                     	;# 
    99  0093                     	;# 
   100  0093                     	;# 
   101  0094                     	;# 
   102  0095                     	;# 
   103  0096                     	;# 
   104  0097                     	;# 
   105  0098                     	;# 
   106  0099                     	;# 
   107  009A                     	;# 
   108  009B                     	;# 
   109  009C                     	;# 
   110  009D                     	;# 
   111  009E                     	;# 
   112  009F                     	;# 
   113  0105                     	;# 
   114  0107                     	;# 
   115  0108                     	;# 
   116  0109                     	;# 
   117  010C                     	;# 
   118  010C                     	;# 
   119  010D                     	;# 
   120  010E                     	;# 
   121  010F                     	;# 
   122  0185                     	;# 
   123  0187                     	;# 
   124  0188                     	;# 
   125  0189                     	;# 
   126  018C                     	;# 
   127  018D                     	;# 
   128  0000                     	;# 
   129  0001                     	;# 
   130  0002                     	;# 
   131  0003                     	;# 
   132  0004                     	;# 
   133  0005                     	;# 
   134  0006                     	;# 
   135  0007                     	;# 
   136  0008                     	;# 
   137  0009                     	;# 
   138  000A                     	;# 
   139  000B                     	;# 
   140  000C                     	;# 
   141  000D                     	;# 
   142  000E                     	;# 
   143  000E                     	;# 
   144  000F                     	;# 
   145  0010                     	;# 
   146  0011                     	;# 
   147  0012                     	;# 
   148  0013                     	;# 
   149  0014                     	;# 
   150  0015                     	;# 
   151  0015                     	;# 
   152  0016                     	;# 
   153  0017                     	;# 
   154  0018                     	;# 
   155  0019                     	;# 
   156  001A                     	;# 
   157  001B                     	;# 
   158  001B                     	;# 
   159  001C                     	;# 
   160  001D                     	;# 
   161  001E                     	;# 
   162  001F                     	;# 
   163  0081                     	;# 
   164  0085                     	;# 
   165  0086                     	;# 
   166  0087                     	;# 
   167  0088                     	;# 
   168  0089                     	;# 
   169  008C                     	;# 
   170  008D                     	;# 
   171  008E                     	;# 
   172  008F                     	;# 
   173  0090                     	;# 
   174  0091                     	;# 
   175  0092                     	;# 
   176  0093                     	;# 
   177  0093                     	;# 
   178  0093                     	;# 
   179  0094                     	;# 
   180  0095                     	;# 
   181  0096                     	;# 
   182  0097                     	;# 
   183  0098                     	;# 
   184  0099                     	;# 
   185  009A                     	;# 
   186  009B                     	;# 
   187  009C                     	;# 
   188  009D                     	;# 
   189  009E                     	;# 
   190  009F                     	;# 
   191  0105                     	;# 
   192  0107                     	;# 
   193  0108                     	;# 
   194  0109                     	;# 
   195  010C                     	;# 
   196  010C                     	;# 
   197  010D                     	;# 
   198  010E                     	;# 
   199  010F                     	;# 
   200  0185                     	;# 
   201  0187                     	;# 
   202  0188                     	;# 
   203  0189                     	;# 
   204  018C                     	;# 
   205  018D                     	;# 
   206  0000                     	;# 
   207  0001                     	;# 
   208  0002                     	;# 
   209  0003                     	;# 
   210  0004                     	;# 
   211  0005                     	;# 
   212  0006                     	;# 
   213  0007                     	;# 
   214  0008                     	;# 
   215  0009                     	;# 
   216  000A                     	;# 
   217  000B                     	;# 
   218  000C                     	;# 
   219  000D                     	;# 
   220  000E                     	;# 
   221  000E                     	;# 
   222  000F                     	;# 
   223  0010                     	;# 
   224  0011                     	;# 
   225  0012                     	;# 
   226  0013                     	;# 
   227  0014                     	;# 
   228  0015                     	;# 
   229  0015                     	;# 
   230  0016                     	;# 
   231  0017                     	;# 
   232  0018                     	;# 
   233  0019                     	;# 
   234  001A                     	;# 
   235  001B                     	;# 
   236  001B                     	;# 
   237  001C                     	;# 
   238  001D                     	;# 
   239  001E                     	;# 
   240  001F                     	;# 
   241  0081                     	;# 
   242  0085                     	;# 
   243  0086                     	;# 
   244  0087                     	;# 
   245  0088                     	;# 
   246  0089                     	;# 
   247  008C                     	;# 
   248  008D                     	;# 
   249  008E                     	;# 
   250  008F                     	;# 
   251  0090                     	;# 
   252  0091                     	;# 
   253  0092                     	;# 
   254  0093                     	;# 
   255  0093                     	;# 
   256  0093                     	;# 
   257  0094                     	;# 
   258  0095                     	;# 
   259  0096                     	;# 
   260  0097                     	;# 
   261  0098                     	;# 
   262  0099                     	;# 
   263  009A                     	;# 
   264  009B                     	;# 
   265  009C                     	;# 
   266  009D                     	;# 
   267  009E                     	;# 
   268  009F                     	;# 
   269  0105                     	;# 
   270  0107                     	;# 
   271  0108                     	;# 
   272  0109                     	;# 
   273  010C                     	;# 
   274  010C                     	;# 
   275  010D                     	;# 
   276  010E                     	;# 
   277  010F                     	;# 
   278  0185                     	;# 
   279  0187                     	;# 
   280  0188                     	;# 
   281  0189                     	;# 
   282  018C                     	;# 
   283  018D                     	;# 
   284  0000                     	;# 
   285  0001                     	;# 
   286  0002                     	;# 
   287  0003                     	;# 
   288  0004                     	;# 
   289  0005                     	;# 
   290  0006                     	;# 
   291  0007                     	;# 
   292  0008                     	;# 
   293  0009                     	;# 
   294  000A                     	;# 
   295  000B                     	;# 
   296  000C                     	;# 
   297  000D                     	;# 
   298  000E                     	;# 
   299  000E                     	;# 
   300  000F                     	;# 
   301  0010                     	;# 
   302  0011                     	;# 
   303  0012                     	;# 
   304  0013                     	;# 
   305  0014                     	;# 
   306  0015                     	;# 
   307  0015                     	;# 
   308  0016                     	;# 
   309  0017                     	;# 
   310  0018                     	;# 
   311  0019                     	;# 
   312  001A                     	;# 
   313  001B                     	;# 
   314  001B                     	;# 
   315  001C                     	;# 
   316  001D                     	;# 
   317  001E                     	;# 
   318  001F                     	;# 
   319  0081                     	;# 
   320  0085                     	;# 
   321  0086                     	;# 
   322  0087                     	;# 
   323  0088                     	;# 
   324  0089                     	;# 
   325  008C                     	;# 
   326  008D                     	;# 
   327  008E                     	;# 
   328  008F                     	;# 
   329  0090                     	;# 
   330  0091                     	;# 
   331  0092                     	;# 
   332  0093                     	;# 
   333  0093                     	;# 
   334  0093                     	;# 
   335  0094                     	;# 
   336  0095                     	;# 
   337  0096                     	;# 
   338  0097                     	;# 
   339  0098                     	;# 
   340  0099                     	;# 
   341  009A                     	;# 
   342  009B                     	;# 
   343  009C                     	;# 
   344  009D                     	;# 
   345  009E                     	;# 
   346  009F                     	;# 
   347  0105                     	;# 
   348  0107                     	;# 
   349  0108                     	;# 
   350  0109                     	;# 
   351  010C                     	;# 
   352  010C                     	;# 
   353  010D                     	;# 
   354  010E                     	;# 
   355  010F                     	;# 
   356  0185                     	;# 
   357  0187                     	;# 
   358  0188                     	;# 
   359  0189                     	;# 
   360  018C                     	;# 
   361  018D                     	;# 
   362  0014                     _SSPCON	set	20
   363  001F                     _ADCON0bits	set	31
   364  0006                     _PORTB	set	6
   365  0008                     _PORTD	set	8
   366  0013                     _SSPBUF	set	19
   367  0014                     _SSPCONbits	set	20
   368  000C                     _PIR1bits	set	12
   369  001E                     _ADRESH	set	30
   370  0063                     _SSPIF	set	99
   371  005E                     _PEIE	set	94
   372  005F                     _GIE	set	95
   373  0091                     _SSPCON2bits	set	145
   374  0087                     _TRISCbits	set	135
   375  0094                     _SSPSTAT	set	148
   376  0093                     _SSPADD	set	147
   377  0091                     _SSPCON2	set	145
   378  009F                     _ADCON1bits	set	159
   379  0088                     _TRISD	set	136
   380  0086                     _TRISB	set	134
   381  0085                     _TRISAbits	set	133
   382  0094                     _SSPSTATbits	set	148
   383  0463                     _SSPIE	set	1123
   384  043C                     _TRISC4	set	1084
   385  043B                     _TRISC3	set	1083
   386  04A0                     _BF	set	1184
   387  0189                     _ANSELH	set	393
   388  0188                     _ANSEL	set	392
   389                           
   390                           	psect	cinit
   391  000F                     start_initialization:	
   392                           ; #config settings
   393                           
   394  000F                     __initialization:
   395                           
   396                           ; Clear objects allocated to COMMON
   397  000F  01F7               	clrf	__pbssCOMMON& (0+127)
   398  0010  01F8               	clrf	(__pbssCOMMON+1)& (0+127)
   399  0011  01F9               	clrf	(__pbssCOMMON+2)& (0+127)
   400  0012  01FA               	clrf	(__pbssCOMMON+3)& (0+127)
   401  0013                     end_of_initialization:	
   402                           ;End of C runtime variable initialization code
   403                           
   404  0013                     __end_of__initialization:
   405  0013  0183               	clrf	3
   406  0014  120A  118A  28AC   	ljmp	_main	;jump to C main() function
   407                           
   408                           	psect	bssCOMMON
   409  0077                     __pbssCOMMON:
   410  0077                     _dato:
   411  0077                     	ds	1
   412  0078                     _z:
   413  0078                     	ds	1
   414  0079                     _val:
   415  0079                     	ds	1
   416  007A                     _dig:
   417  007A                     	ds	1
   418                           
   419                           	psect	cstackCOMMON
   420  0070                     __pcstackCOMMON:
   421  0070                     ?_setup:
   422  0070                     ?_I2C_Slave_Init:	
   423                           ; 1 bytes @ 0x0
   424                           
   425  0070                     ?_ADC:	
   426                           ; 1 bytes @ 0x0
   427                           
   428  0070                     ?_isr:	
   429                           ; 1 bytes @ 0x0
   430                           
   431  0070                     ??_isr:	
   432                           ; 1 bytes @ 0x0
   433                           
   434  0070                     ?_main:	
   435                           ; 1 bytes @ 0x0
   436                           
   437                           
   438                           ; 1 bytes @ 0x0
   439  0070                     	ds	3
   440  0073                     ??_I2C_Slave_Init:
   441  0073                     ??_ADC:	
   442                           ; 1 bytes @ 0x3
   443                           
   444  0073                     I2C_Slave_Init@address:	
   445                           ; 1 bytes @ 0x3
   446                           
   447                           
   448                           ; 1 bytes @ 0x3
   449  0073                     	ds	1
   450  0074                     ??_setup:
   451  0074                     ADC@dig:	
   452                           ; 1 bytes @ 0x4
   453                           
   454                           
   455                           ; 1 bytes @ 0x4
   456  0074                     	ds	1
   457  0075                     ??_main:
   458                           
   459                           ; 1 bytes @ 0x5
   460  0075                     	ds	2
   461                           
   462                           	psect	maintext
   463  00AC                     __pmaintext:	
   464 ;;
   465 ;;Main: autosize = 0, tempsize = 2, incstack = 0, save=0
   466 ;;
   467 ;; *************** function _main *****************
   468 ;; Defined at:
   469 ;;		line 106 in file "Slave01.c"
   470 ;; Parameters:    Size  Location     Type
   471 ;;		None
   472 ;; Auto vars:     Size  Location     Type
   473 ;;		None
   474 ;; Return value:  Size  Location     Type
   475 ;;                  1    wreg      void 
   476 ;; Registers used:
   477 ;;		wreg, status,2, status,0, pclath, cstack
   478 ;; Tracked objects:
   479 ;;		On entry : B00/0
   480 ;;		On exit  : 0/0
   481 ;;		Unchanged: 0/0
   482 ;; Data sizes:     COMMON   BANK0   BANK1   BANK3   BANK2
   483 ;;      Params:         0       0       0       0       0
   484 ;;      Locals:         0       0       0       0       0
   485 ;;      Temps:          2       0       0       0       0
   486 ;;      Totals:         2       0       0       0       0
   487 ;;Total ram usage:        2 bytes
   488 ;; Hardware stack levels required when called: 3
   489 ;; This function calls:
   490 ;;		_ADC
   491 ;;		_setup
   492 ;; This function is called by:
   493 ;;		Startup code after reset
   494 ;; This function uses a non-reentrant model
   495 ;;
   496                           
   497                           
   498                           ;psect for function _main
   499  00AC                     _main:
   500  00AC                     l815:	
   501                           ;incstack = 0
   502                           ; Regs used in _main: [wreg+status,2+status,0+pclath+cstack]
   503                           
   504                           
   505                           ;Slave01.c: 107:     setup();
   506  00AC  120A  118A  207A  120A  118A  	fcall	_setup
   507  00B1                     l817:
   508                           
   509                           ;Slave01.c: 110:         if(ADCON0bits.GO == 0){
   510  00B1  1283               	bcf	3,5	;RP0=0, select bank0
   511  00B2  1303               	bcf	3,6	;RP1=0, select bank0
   512  00B3  189F               	btfsc	31,1	;volatile
   513  00B4  28B6               	goto	u121
   514  00B5  28B7               	goto	u120
   515  00B6                     u121:
   516  00B6  28B1               	goto	l817
   517  00B7                     u120:
   518  00B7                     l819:
   519                           
   520                           ;Slave01.c: 111:             if(ADCON0bits.CHS == 0){
   521  00B7  0C1F               	rrf	31,w	;volatile
   522  00B8  00F5               	movwf	??_main
   523  00B9  0C75               	rrf	??_main,w
   524  00BA  390F               	andlw	15
   525  00BB  3A00               	xorlw	0
   526  00BC  1D03               	skipz
   527  00BD  28BF               	goto	u131
   528  00BE  28C0               	goto	u130
   529  00BF                     u131:
   530  00BF  28CD               	goto	l825
   531  00C0                     u130:
   532  00C0                     l821:
   533                           
   534                           ;Slave01.c: 112:                 val = ADC(dig);
   535  00C0  3000               	movlw	0
   536  00C1  120A  118A  20F7  120A  118A  	fcall	_ADC
   537  00C6  00F5               	movwf	??_main
   538  00C7  0875               	movf	??_main,w
   539  00C8  00F9               	movwf	_val
   540  00C9                     l823:
   541                           
   542                           ;Slave01.c: 113:                 PORTB = val;
   543  00C9  0879               	movf	_val,w
   544  00CA  1283               	bcf	3,5	;RP0=0, select bank0
   545  00CB  1303               	bcf	3,6	;RP1=0, select bank0
   546  00CC  0086               	movwf	6	;volatile
   547  00CD                     l825:
   548                           
   549                           ;Slave01.c: 115:             _delay((unsigned long)((50)*(8000000/4000.0)));
   550  00CD  3082               	movlw	130
   551  00CE  00F6               	movwf	??_main+1
   552  00CF  30DD               	movlw	221
   553  00D0  00F5               	movwf	??_main
   554  00D1                     u167:
   555  00D1  0BF5               	decfsz	??_main,f
   556  00D2  28D1               	goto	u167
   557  00D3  0BF6               	decfsz	??_main+1,f
   558  00D4  28D1               	goto	u167
   559  00D5  28D6               	nop2
   560  00D6                     l827:
   561                           
   562                           ;Slave01.c: 116:             ADCON0bits.GO = 1;
   563  00D6  1283               	bcf	3,5	;RP0=0, select bank0
   564  00D7  1303               	bcf	3,6	;RP1=0, select bank0
   565  00D8  149F               	bsf	31,1	;volatile
   566  00D9  28B1               	goto	l817
   567  00DA  120A  118A  280C   	ljmp	start
   568  00DD                     __end_of_main:
   569                           
   570                           	psect	text1
   571  007A                     __ptext1:	
   572 ;; *************** function _setup *****************
   573 ;; Defined at:
   574 ;;		line 123 in file "Slave01.c"
   575 ;; Parameters:    Size  Location     Type
   576 ;;		None
   577 ;; Auto vars:     Size  Location     Type
   578 ;;		None
   579 ;; Return value:  Size  Location     Type
   580 ;;                  1    wreg      void 
   581 ;; Registers used:
   582 ;;		wreg, status,2, status,0, pclath, cstack
   583 ;; Tracked objects:
   584 ;;		On entry : 0/0
   585 ;;		On exit  : 0/0
   586 ;;		Unchanged: 0/0
   587 ;; Data sizes:     COMMON   BANK0   BANK1   BANK3   BANK2
   588 ;;      Params:         0       0       0       0       0
   589 ;;      Locals:         0       0       0       0       0
   590 ;;      Temps:          1       0       0       0       0
   591 ;;      Totals:         1       0       0       0       0
   592 ;;Total ram usage:        1 bytes
   593 ;; Hardware stack levels used: 1
   594 ;; Hardware stack levels required when called: 2
   595 ;; This function calls:
   596 ;;		_I2C_Slave_Init
   597 ;; This function is called by:
   598 ;;		_main
   599 ;; This function uses a non-reentrant model
   600 ;;
   601                           
   602                           
   603                           ;psect for function _setup
   604  007A                     _setup:
   605  007A                     l745:	
   606                           ;incstack = 0
   607                           ; Regs used in _setup: [wreg+status,2+status,0+pclath+cstack]
   608                           
   609                           
   610                           ;Slave01.c: 125:     ANSEL = 0x01;
   611  007A  3001               	movlw	1
   612  007B  1683               	bsf	3,5	;RP0=1, select bank3
   613  007C  1703               	bsf	3,6	;RP1=1, select bank3
   614  007D  0088               	movwf	8	;volatile
   615  007E                     l747:
   616                           
   617                           ;Slave01.c: 126:     ANSELH = 0x00;
   618  007E  0189               	clrf	9	;volatile
   619  007F                     l749:
   620                           
   621                           ;Slave01.c: 129:     TRISAbits.TRISA0 = 1;
   622  007F  1683               	bsf	3,5	;RP0=1, select bank1
   623  0080  1303               	bcf	3,6	;RP1=0, select bank1
   624  0081  1405               	bsf	5,0	;volatile
   625  0082                     l751:
   626                           
   627                           ;Slave01.c: 130:     TRISB = 0x00;
   628  0082  0186               	clrf	6	;volatile
   629  0083                     l753:
   630                           
   631                           ;Slave01.c: 131:     PORTB = 0x00;
   632  0083  1283               	bcf	3,5	;RP0=0, select bank0
   633  0084  1303               	bcf	3,6	;RP1=0, select bank0
   634  0085  0186               	clrf	6	;volatile
   635  0086                     l755:
   636                           
   637                           ;Slave01.c: 132:     TRISD = 0x00;
   638  0086  1683               	bsf	3,5	;RP0=1, select bank1
   639  0087  1303               	bcf	3,6	;RP1=0, select bank1
   640  0088  0188               	clrf	8	;volatile
   641  0089                     l757:
   642                           
   643                           ;Slave01.c: 133:     PORTD = 0x00;
   644  0089  1283               	bcf	3,5	;RP0=0, select bank0
   645  008A  1303               	bcf	3,6	;RP1=0, select bank0
   646  008B  0188               	clrf	8	;volatile
   647  008C                     l759:
   648                           
   649                           ;Slave01.c: 136:     ADCON1bits.ADFM = 0;
   650  008C  1683               	bsf	3,5	;RP0=1, select bank1
   651  008D  1303               	bcf	3,6	;RP1=0, select bank1
   652  008E  139F               	bcf	31,7	;volatile
   653  008F                     l761:
   654                           
   655                           ;Slave01.c: 137:     ADCON1bits.VCFG0 = 0;
   656  008F  121F               	bcf	31,4	;volatile
   657  0090                     l763:
   658                           
   659                           ;Slave01.c: 138:     ADCON1bits.VCFG1 = 0;
   660  0090  129F               	bcf	31,5	;volatile
   661  0091                     l765:
   662                           
   663                           ;Slave01.c: 139:     ADCON0bits.ADCS = 1;
   664  0091  1283               	bcf	3,5	;RP0=0, select bank0
   665  0092  1303               	bcf	3,6	;RP1=0, select bank0
   666  0093  081F               	movf	31,w	;volatile
   667  0094  393F               	andlw	-193
   668  0095  3840               	iorlw	64
   669  0096  009F               	movwf	31	;volatile
   670  0097                     l767:
   671                           
   672                           ;Slave01.c: 140:     ADCON0bits.CHS = 0;
   673  0097  30C3               	movlw	-61
   674  0098  059F               	andwf	31,f	;volatile
   675  0099                     l769:
   676                           
   677                           ;Slave01.c: 141:     _delay((unsigned long)((100)*(8000000/4000000.0)));
   678  0099  3042               	movlw	66
   679  009A  00F4               	movwf	??_setup
   680  009B                     u177:
   681  009B  0BF4               	decfsz	??_setup,f
   682  009C  289B               	goto	u177
   683  009D  0000               	nop
   684  009E                     l771:
   685                           
   686                           ;Slave01.c: 142:     ADCON0bits.ADCS = 1;
   687  009E  1283               	bcf	3,5	;RP0=0, select bank0
   688  009F  1303               	bcf	3,6	;RP1=0, select bank0
   689  00A0  081F               	movf	31,w	;volatile
   690  00A1  393F               	andlw	-193
   691  00A2  3840               	iorlw	64
   692  00A3  009F               	movwf	31	;volatile
   693  00A4                     l773:
   694                           
   695                           ;Slave01.c: 143:     ADCON0bits.ADON = 1;
   696  00A4  141F               	bsf	31,0	;volatile
   697  00A5                     l775:
   698                           
   699                           ;Slave01.c: 145:     I2C_Slave_Init(0x50);
   700  00A5  3050               	movlw	80
   701  00A6  120A  118A  20DD  120A  118A  	fcall	_I2C_Slave_Init
   702  00AB                     l80:
   703  00AB  0008               	return
   704  00AC                     __end_of_setup:
   705                           
   706                           	psect	text2
   707  00DD                     __ptext2:	
   708 ;; *************** function _I2C_Slave_Init *****************
   709 ;; Defined at:
   710 ;;		line 89 in file "I2C.c"
   711 ;; Parameters:    Size  Location     Type
   712 ;;  address         1    wreg     unsigned char 
   713 ;; Auto vars:     Size  Location     Type
   714 ;;  address         1    3[COMMON] unsigned char 
   715 ;; Return value:  Size  Location     Type
   716 ;;                  1    wreg      void 
   717 ;; Registers used:
   718 ;;		wreg
   719 ;; Tracked objects:
   720 ;;		On entry : 0/0
   721 ;;		On exit  : 0/0
   722 ;;		Unchanged: 0/0
   723 ;; Data sizes:     COMMON   BANK0   BANK1   BANK3   BANK2
   724 ;;      Params:         0       0       0       0       0
   725 ;;      Locals:         1       0       0       0       0
   726 ;;      Temps:          0       0       0       0       0
   727 ;;      Totals:         1       0       0       0       0
   728 ;;Total ram usage:        1 bytes
   729 ;; Hardware stack levels used: 1
   730 ;; Hardware stack levels required when called: 1
   731 ;; This function calls:
   732 ;;		Nothing
   733 ;; This function is called by:
   734 ;;		_setup
   735 ;; This function uses a non-reentrant model
   736 ;;
   737                           
   738                           
   739                           ;psect for function _I2C_Slave_Init
   740  00DD                     _I2C_Slave_Init:
   741                           
   742                           ;incstack = 0
   743                           ; Regs used in _I2C_Slave_Init: [wreg]
   744                           ;I2C_Slave_Init@address stored from wreg
   745  00DD  00F3               	movwf	I2C_Slave_Init@address
   746  00DE                     l727:
   747                           
   748                           ;I2C.c: 89: void I2C_Slave_Init(uint8_t address);I2C.c: 90: {;I2C.c: 91:     SSPADD = ad
      +                          dress;
   749  00DE  0873               	movf	I2C_Slave_Init@address,w
   750  00DF  1683               	bsf	3,5	;RP0=1, select bank1
   751  00E0  1303               	bcf	3,6	;RP1=0, select bank1
   752  00E1  0093               	movwf	19	;volatile
   753                           
   754                           ;I2C.c: 92:     SSPCON = 0x36;
   755  00E2  3036               	movlw	54
   756  00E3  1283               	bcf	3,5	;RP0=0, select bank0
   757  00E4  1303               	bcf	3,6	;RP1=0, select bank0
   758  00E5  0094               	movwf	20	;volatile
   759                           
   760                           ;I2C.c: 93:     SSPSTAT = 0x80;
   761  00E6  3080               	movlw	128
   762  00E7  1683               	bsf	3,5	;RP0=1, select bank1
   763  00E8  1303               	bcf	3,6	;RP1=0, select bank1
   764  00E9  0094               	movwf	20	;volatile
   765                           
   766                           ;I2C.c: 94:     SSPCON2 = 0x01;
   767  00EA  3001               	movlw	1
   768  00EB  0091               	movwf	17	;volatile
   769  00EC                     l729:
   770                           
   771                           ;I2C.c: 95:     TRISC3 = 1;
   772  00EC  1587               	bsf	7,3	;volatile
   773  00ED                     l731:
   774                           
   775                           ;I2C.c: 96:     TRISC4 = 1;
   776  00ED  1607               	bsf	7,4	;volatile
   777  00EE                     l733:
   778                           
   779                           ;I2C.c: 97:     GIE = 1;
   780  00EE  178B               	bsf	11,7	;volatile
   781  00EF                     l735:
   782                           
   783                           ;I2C.c: 98:     PEIE = 1;
   784  00EF  170B               	bsf	11,6	;volatile
   785  00F0                     l737:
   786                           
   787                           ;I2C.c: 99:     SSPIF = 0;
   788  00F0  1283               	bcf	3,5	;RP0=0, select bank0
   789  00F1  1303               	bcf	3,6	;RP1=0, select bank0
   790  00F2  118C               	bcf	12,3	;volatile
   791  00F3                     l739:
   792                           
   793                           ;I2C.c: 100:     SSPIE = 1;
   794  00F3  1683               	bsf	3,5	;RP0=1, select bank1
   795  00F4  1303               	bcf	3,6	;RP1=0, select bank1
   796  00F5  158C               	bsf	12,3	;volatile
   797  00F6                     l135:
   798  00F6  0008               	return
   799  00F7                     __end_of_I2C_Slave_Init:
   800                           
   801                           	psect	text3
   802  00F7                     __ptext3:	
   803 ;; *************** function _ADC *****************
   804 ;; Defined at:
   805 ;;		line 17 in file "ADC.c"
   806 ;; Parameters:    Size  Location     Type
   807 ;;  dig             1    wreg     unsigned char 
   808 ;; Auto vars:     Size  Location     Type
   809 ;;  dig             1    4[COMMON] unsigned char 
   810 ;; Return value:  Size  Location     Type
   811 ;;                  1    wreg      unsigned char 
   812 ;; Registers used:
   813 ;;		wreg
   814 ;; Tracked objects:
   815 ;;		On entry : 0/0
   816 ;;		On exit  : 0/0
   817 ;;		Unchanged: 0/0
   818 ;; Data sizes:     COMMON   BANK0   BANK1   BANK3   BANK2
   819 ;;      Params:         0       0       0       0       0
   820 ;;      Locals:         1       0       0       0       0
   821 ;;      Temps:          1       0       0       0       0
   822 ;;      Totals:         2       0       0       0       0
   823 ;;Total ram usage:        2 bytes
   824 ;; Hardware stack levels used: 1
   825 ;; Hardware stack levels required when called: 1
   826 ;; This function calls:
   827 ;;		Nothing
   828 ;; This function is called by:
   829 ;;		_main
   830 ;; This function uses a non-reentrant model
   831 ;;
   832                           
   833                           
   834                           ;psect for function _ADC
   835  00F7                     _ADC:
   836  00F7                     l741:	
   837                           ;incstack = 0
   838                           ; Regs used in _ADC: [wreg]
   839                           
   840                           
   841                           ;ADC.c: 18:     dig = ADRESH;
   842  00F7  1283               	bcf	3,5	;RP0=0, select bank0
   843  00F8  1303               	bcf	3,6	;RP1=0, select bank0
   844  00F9  081E               	movf	30,w	;volatile
   845  00FA  00F3               	movwf	??_ADC
   846  00FB  0873               	movf	??_ADC,w
   847  00FC  00F4               	movwf	ADC@dig
   848                           
   849                           ;ADC.c: 19: return dig;
   850  00FD  0874               	movf	ADC@dig,w
   851  00FE                     l5:
   852  00FE  0008               	return
   853  00FF                     __end_of_ADC:
   854                           
   855                           	psect	text4
   856  0017                     __ptext4:	
   857 ;; *************** function _isr *****************
   858 ;; Defined at:
   859 ;;		line 69 in file "Slave01.c"
   860 ;; Parameters:    Size  Location     Type
   861 ;;		None
   862 ;; Auto vars:     Size  Location     Type
   863 ;;		None
   864 ;; Return value:  Size  Location     Type
   865 ;;                  1    wreg      void 
   866 ;; Registers used:
   867 ;;		wreg
   868 ;; Tracked objects:
   869 ;;		On entry : 0/0
   870 ;;		On exit  : 0/0
   871 ;;		Unchanged: 0/0
   872 ;; Data sizes:     COMMON   BANK0   BANK1   BANK3   BANK2
   873 ;;      Params:         0       0       0       0       0
   874 ;;      Locals:         0       0       0       0       0
   875 ;;      Temps:          3       0       0       0       0
   876 ;;      Totals:         3       0       0       0       0
   877 ;;Total ram usage:        3 bytes
   878 ;; Hardware stack levels used: 1
   879 ;; This function calls:
   880 ;;		Nothing
   881 ;; This function is called by:
   882 ;;		Interrupt level 1
   883 ;; This function uses a non-reentrant model
   884 ;;
   885                           
   886                           
   887                           ;psect for function _isr
   888  0017                     _isr:
   889  0017                     i1l781:
   890                           
   891                           ;Slave01.c: 70:    if(PIR1bits.SSPIF == 1){
   892  0017  1283               	bcf	3,5	;RP0=0, select bank0
   893  0018  1303               	bcf	3,6	;RP1=0, select bank0
   894  0019  1D8C               	btfss	12,3	;volatile
   895  001A  281C               	goto	u3_21
   896  001B  281D               	goto	u3_20
   897  001C                     u3_21:
   898  001C  2873               	goto	i1l67
   899  001D                     u3_20:
   900  001D                     i1l783:
   901                           
   902                           ;Slave01.c: 72:         SSPCONbits.CKP = 0;
   903  001D  1214               	bcf	20,4	;volatile
   904                           
   905                           ;Slave01.c: 74:         if ((SSPCONbits.SSPOV) || (SSPCONbits.WCOL)){
   906  001E  1B14               	btfsc	20,6	;volatile
   907  001F  2821               	goto	u4_21
   908  0020  2822               	goto	u4_20
   909  0021                     u4_21:
   910  0021  2826               	goto	i1l787
   911  0022                     u4_20:
   912  0022                     i1l785:
   913  0022  1F94               	btfss	20,7	;volatile
   914  0023  2825               	goto	u5_21
   915  0024  2826               	goto	u5_20
   916  0025                     u5_21:
   917  0025  282D               	goto	i1l795
   918  0026                     u5_20:
   919  0026                     i1l787:
   920                           
   921                           ;Slave01.c: 75:             z = SSPBUF;
   922  0026  0813               	movf	19,w	;volatile
   923  0027  00F0               	movwf	??_isr
   924  0028  0870               	movf	??_isr,w
   925  0029  00F8               	movwf	_z
   926  002A                     i1l789:
   927                           
   928                           ;Slave01.c: 76:             SSPCONbits.SSPOV = 0;
   929  002A  1314               	bcf	20,6	;volatile
   930  002B                     i1l791:
   931                           
   932                           ;Slave01.c: 77:             SSPCONbits.WCOL = 0;
   933  002B  1394               	bcf	20,7	;volatile
   934  002C                     i1l793:
   935                           
   936                           ;Slave01.c: 78:             SSPCONbits.CKP = 1;
   937  002C  1614               	bsf	20,4	;volatile
   938  002D                     i1l795:
   939                           
   940                           ;Slave01.c: 81:         if(!SSPSTATbits.D_nA && !SSPSTATbits.R_nW) {
   941  002D  1683               	bsf	3,5	;RP0=1, select bank1
   942  002E  1303               	bcf	3,6	;RP1=0, select bank1
   943  002F  1A94               	btfsc	20,5	;volatile
   944  0030  2832               	goto	u6_21
   945  0031  2833               	goto	u6_20
   946  0032                     u6_21:
   947  0032  284F               	goto	i1l58
   948  0033                     u6_20:
   949  0033                     i1l797:
   950  0033  1914               	btfsc	20,2	;volatile
   951  0034  2836               	goto	u7_21
   952  0035  2837               	goto	u7_20
   953  0036                     u7_21:
   954  0036  284F               	goto	i1l58
   955  0037                     u7_20:
   956  0037                     i1l799:
   957                           
   958                           ;Slave01.c: 83:             z = SSPBUF;
   959  0037  1283               	bcf	3,5	;RP0=0, select bank0
   960  0038  1303               	bcf	3,6	;RP1=0, select bank0
   961  0039  0813               	movf	19,w	;volatile
   962  003A  00F0               	movwf	??_isr
   963  003B  0870               	movf	??_isr,w
   964  003C  00F8               	movwf	_z
   965  003D                     i1l801:
   966                           
   967                           ;Slave01.c: 85:             PIR1bits.SSPIF = 0;
   968  003D  118C               	bcf	12,3	;volatile
   969  003E                     i1l803:
   970                           
   971                           ;Slave01.c: 86:             SSPCONbits.CKP = 1;
   972  003E  1614               	bsf	20,4	;volatile
   973  003F                     i1l59:	
   974                           ;Slave01.c: 87:             while(!SSPSTATbits.BF);
   975                           
   976  003F  1683               	bsf	3,5	;RP0=1, select bank1
   977  0040  1303               	bcf	3,6	;RP1=0, select bank1
   978  0041  1C14               	btfss	20,0	;volatile
   979  0042  2844               	goto	u8_21
   980  0043  2845               	goto	u8_20
   981  0044                     u8_21:
   982  0044  283F               	goto	i1l59
   983  0045                     u8_20:
   984  0045                     i1l805:
   985                           
   986                           ;Slave01.c: 88:             PORTD = SSPBUF;
   987  0045  1283               	bcf	3,5	;RP0=0, select bank0
   988  0046  1303               	bcf	3,6	;RP1=0, select bank0
   989  0047  0813               	movf	19,w	;volatile
   990  0048  0088               	movwf	8	;volatile
   991                           
   992                           ;Slave01.c: 89:             _delay((unsigned long)((250)*(8000000/4000000.0)));
   993  0049  30A6               	movlw	166
   994  004A  00F0               	movwf	??_isr
   995  004B                     u18_27:
   996  004B  0BF0               	decfsz	??_isr,f
   997  004C  284B               	goto	u18_27
   998  004D  0000               	nop
   999                           
  1000                           ;Slave01.c: 91:         }else if(!SSPSTATbits.D_nA && SSPSTATbits.R_nW){
  1001  004E  2870               	goto	i1l62
  1002  004F                     i1l58:
  1003  004F  1A94               	btfsc	20,5	;volatile
  1004  0050  2852               	goto	u9_21
  1005  0051  2853               	goto	u9_20
  1006  0052                     u9_21:
  1007  0052  2870               	goto	i1l62
  1008  0053                     u9_20:
  1009  0053                     i1l807:
  1010  0053  1D14               	btfss	20,2	;volatile
  1011  0054  2856               	goto	u10_21
  1012  0055  2857               	goto	u10_20
  1013  0056                     u10_21:
  1014  0056  2870               	goto	i1l62
  1015  0057                     u10_20:
  1016  0057                     i1l809:
  1017                           
  1018                           ;Slave01.c: 92:             z = SSPBUF;
  1019  0057  1283               	bcf	3,5	;RP0=0, select bank0
  1020  0058  1303               	bcf	3,6	;RP1=0, select bank0
  1021  0059  0813               	movf	19,w	;volatile
  1022  005A  00F0               	movwf	??_isr
  1023  005B  0870               	movf	??_isr,w
  1024  005C  00F8               	movwf	_z
  1025  005D                     i1l811:
  1026                           
  1027                           ;Slave01.c: 93:             BF = 0;
  1028  005D  1683               	bsf	3,5	;RP0=1, select bank1
  1029  005E  1303               	bcf	3,6	;RP1=0, select bank1
  1030  005F  1014               	bcf	20,0	;volatile
  1031                           
  1032                           ;Slave01.c: 94:             SSPBUF = PORTB;
  1033  0060  1283               	bcf	3,5	;RP0=0, select bank0
  1034  0061  1303               	bcf	3,6	;RP1=0, select bank0
  1035  0062  0806               	movf	6,w	;volatile
  1036  0063  0093               	movwf	19	;volatile
  1037  0064                     i1l813:
  1038                           
  1039                           ;Slave01.c: 95:             SSPCONbits.CKP = 1;
  1040  0064  1614               	bsf	20,4	;volatile
  1041                           
  1042                           ;Slave01.c: 96:             _delay((unsigned long)((250)*(8000000/4000000.0)));
  1043  0065  30A6               	movlw	166
  1044  0066  00F0               	movwf	??_isr
  1045  0067                     u19_27:
  1046  0067  0BF0               	decfsz	??_isr,f
  1047  0068  2867               	goto	u19_27
  1048  0069  0000               	nop
  1049  006A                     i1l64:	
  1050                           ;Slave01.c: 97:             while(SSPSTATbits.BF);
  1051                           
  1052  006A  1683               	bsf	3,5	;RP0=1, select bank1
  1053  006B  1303               	bcf	3,6	;RP1=0, select bank1
  1054  006C  1814               	btfsc	20,0	;volatile
  1055  006D  286F               	goto	u11_21
  1056  006E  2870               	goto	u11_20
  1057  006F                     u11_21:
  1058  006F  286A               	goto	i1l64
  1059  0070                     u11_20:
  1060  0070                     i1l62:
  1061                           
  1062                           ;Slave01.c: 100:         PIR1bits.SSPIF = 0;
  1063  0070  1283               	bcf	3,5	;RP0=0, select bank0
  1064  0071  1303               	bcf	3,6	;RP1=0, select bank0
  1065  0072  118C               	bcf	12,3	;volatile
  1066  0073                     i1l67:
  1067  0073  0872               	movf	??_isr+2,w
  1068  0074  008A               	movwf	10
  1069  0075  0E71               	swapf	??_isr+1,w
  1070  0076  0083               	movwf	3
  1071  0077  0EFE               	swapf	btemp,f
  1072  0078  0E7E               	swapf	btemp,w
  1073  0079  0009               	retfie
  1074  007A                     __end_of_isr:
  1075  007E                     btemp	set	126	;btemp
  1076  007E                     wtemp0	set	126
  1077                           
  1078                           	psect	intentry
  1079  0004                     __pintentry:	
  1080                           ;incstack = 0
  1081                           ; Regs used in _isr: [wreg]
  1082                           
  1083  0004                     interrupt_function:
  1084  007E                     saved_w	set	btemp
  1085  0004  00FE               	movwf	btemp
  1086  0005  0E03               	swapf	3,w
  1087  0006  00F1               	movwf	??_isr+1
  1088  0007  080A               	movf	10,w
  1089  0008  00F2               	movwf	??_isr+2
  1090  0009  120A  118A  2817   	ljmp	_isr
  1091                           
  1092                           	psect	config
  1093                           
  1094                           ;Config register CONFIG1 @ 0x2007
  1095                           ;	Oscillator Selection bits
  1096                           ;	FOSC = EXTRC_NOCLKOUT, RCIO oscillator: I/O function on RA6/OSC2/CLKOUT pin, RC on RA7
      +                          /OSC1/CLKIN
  1097                           ;	Watchdog Timer Enable bit
  1098                           ;	WDTE = OFF, WDT disabled and can be enabled by SWDTEN bit of the WDTCON register
  1099                           ;	Power-up Timer Enable bit
  1100                           ;	PWRTE = OFF, PWRT disabled
  1101                           ;	RE3/MCLR pin function select bit
  1102                           ;	MCLRE = OFF, RE3/MCLR pin function is digital input, MCLR internally tied to VDD
  1103                           ;	Code Protection bit
  1104                           ;	CP = OFF, Program memory code protection is disabled
  1105                           ;	Data Code Protection bit
  1106                           ;	CPD = OFF, Data memory code protection is disabled
  1107                           ;	Brown Out Reset Selection bits
  1108                           ;	BOREN = OFF, BOR disabled
  1109                           ;	Internal External Switchover bit
  1110                           ;	IESO = OFF, Internal/External Switchover mode is disabled
  1111                           ;	Fail-Safe Clock Monitor Enabled bit
  1112                           ;	FCMEN = OFF, Fail-Safe Clock Monitor is disabled
  1113                           ;	Low Voltage Programming Enable bit
  1114                           ;	LVP = ON, RB3/PGM pin has PGM function, low voltage programming enabled
  1115                           ;	In-Circuit Debugger Mode bit
  1116                           ;	DEBUG = 0x1, unprogrammed default
  1117  2007                     	org	8199
  1118  2007  30D6               	dw	12502
  1119                           
  1120                           ;Config register CONFIG2 @ 0x2008
  1121                           ;	Brown-out Reset Selection bit
  1122                           ;	BOR4V = BOR40V, Brown-out Reset set to 4.0V
  1123                           ;	Flash Program Memory Self Write Enable bits
  1124                           ;	WRT = OFF, Write protection off
  1125  2008                     	org	8200
  1126  2008  3FFF               	dw	16383

Data Sizes:
    Strings     0
    Constant    0
    Data        0
    BSS         4
    Persistent  0
    Stack       0

Auto Spaces:
    Space          Size  Autos    Used
    COMMON           14      7      11
    BANK0            80      0       0
    BANK1            80      0       0
    BANK3            96      0       0
    BANK2            96      0       0

Pointer List with Targets:

    None.

Critical Paths under _main in COMMON

    _main->_ADC
    _main->_setup
    _setup->_I2C_Slave_Init

Critical Paths under _isr in COMMON

    None.

Critical Paths under _main in BANK0

    None.

Critical Paths under _isr in BANK0

    None.

Critical Paths under _main in BANK1

    None.

Critical Paths under _isr in BANK1

    None.

Critical Paths under _main in BANK3

    None.

Critical Paths under _isr in BANK3

    None.

Critical Paths under _main in BANK2

    None.

Critical Paths under _isr in BANK2

    None.

Call Graph Tables:

 ---------------------------------------------------------------------------------
 (Depth) Function   	        Calls       Base Space   Used Autos Params    Refs
 ---------------------------------------------------------------------------------
 (0) _main                                                 2     2      0      30
                                              5 COMMON     2     2      0
                                _ADC
                              _setup
 ---------------------------------------------------------------------------------
 (1) _setup                                                1     1      0      15
                                              4 COMMON     1     1      0
                     _I2C_Slave_Init
 ---------------------------------------------------------------------------------
 (2) _I2C_Slave_Init                                       1     1      0      15
                                              3 COMMON     1     1      0
 ---------------------------------------------------------------------------------
 (1) _ADC                                                  2     2      0      15
                                              3 COMMON     2     2      0
 ---------------------------------------------------------------------------------
 Estimated maximum stack depth 2
 ---------------------------------------------------------------------------------
 (Depth) Function   	        Calls       Base Space   Used Autos Params    Refs
 ---------------------------------------------------------------------------------
 (3) _isr                                                  3     3      0       0
                                              0 COMMON     3     3      0
 ---------------------------------------------------------------------------------
 Estimated maximum stack depth 3
 ---------------------------------------------------------------------------------

 Call Graph Graphs:

 _main (ROOT)
   _ADC
   _setup
     _I2C_Slave_Init

 _isr (ROOT)

 Address spaces:
Name               Size   Autos  Total    Cost      Usage
BITCOMMON            E      0       0       0        0.0%
EEDATA             100      0       0       0        0.0%
NULL                 0      0       0       0        0.0%
CODE                 0      0       0       0        0.0%
COMMON               E      7       B       1       78.6%
BITSFR0              0      0       0       1        0.0%
SFR0                 0      0       0       1        0.0%
BITSFR1              0      0       0       2        0.0%
SFR1                 0      0       0       2        0.0%
STACK                0      0       0       2        0.0%
ABS                  0      0       B       3        0.0%
BITBANK0            50      0       0       4        0.0%
BITSFR3              0      0       0       4        0.0%
SFR3                 0      0       0       4        0.0%
BANK0               50      0       0       5        0.0%
BITSFR2              0      0       0       5        0.0%
SFR2                 0      0       0       5        0.0%
BITBANK1            50      0       0       6        0.0%
BANK1               50      0       0       7        0.0%
BITBANK3            60      0       0       8        0.0%
BANK3               60      0       0       9        0.0%
BITBANK2            60      0       0      10        0.0%
BANK2               60      0       0      11        0.0%
DATA                 0      0       B      12        0.0%


Microchip Technology PIC Macro Assembler V2.32 build 20210201212658 
Symbol Table                                                                                   Fri Aug 06 19:10:18 2021

                      l5 00FE                        _z 0078              _SSPSTATbits 0094  
                     _BF 04A0                       l80 00AB                      l135 00F6  
                    _ADC 00F7                      l731 00ED                      l741 00F7  
                    l733 00EE                      l821 00C0                      l735 00EF  
                    l727 00DE                      l751 0082                      l823 00C9  
                    l815 00AC                      l737 00F0                      l729 00EC  
                    l761 008F                      l753 0083                      l745 007A  
                    l825 00CD                      l817 00B1                      l739 00F3  
                    l771 009E                      l763 0090                      l755 0086  
                    l747 007E                      l827 00D6                      l819 00B7  
                    l773 00A4                      l765 0091                      l757 0089  
                    l749 007F                      l775 00A5                      l767 0097  
                    l759 008C                      l769 0099                      _GIE 005F  
                    u120 00B7                      u121 00B6                      u130 00C0  
                    u131 00BF                      u167 00D1                      u177 009B  
                    _dig 007A                      _isr 0017                      _val 0079  
                   ?_ADC 0070                     ?_isr 0070                     _PEIE 005E  
                   i1l62 0070                     i1l64 006A                     i1l58 004F  
                   i1l59 003F                     i1l67 0073                     u3_20 001D  
                   u3_21 001C                     u4_20 0022                     u4_21 0021  
                   u5_20 0026                     u5_21 0025                     u6_20 0033  
                   u6_21 0032                     u7_20 0037                     u7_21 0036  
                   u8_20 0045                     u8_21 0044                     u9_20 0053  
                   u9_21 0052                     _dato 0077                     _main 00AC  
                   btemp 007E                     start 000C                    ??_ADC 0073  
                  ??_isr 0070                    ?_main 0070                    _ANSEL 0188  
                  i1l801 003D                    i1l811 005D                    i1l803 003E  
                  i1l813 0064                    i1l805 0045                    i1l807 0053  
                  i1l809 0057                    i1l781 0017                    i1l791 002B  
                  i1l783 001D                    i1l793 002C                    i1l785 0022  
                  i1l795 002D                    i1l787 0026                    i1l797 0033  
                  i1l789 002A                    i1l799 0037                    u10_20 0057  
                  u10_21 0056                    u11_20 0070                    u11_21 006F  
                  u18_27 004B                    _PORTB 0006                    _PORTD 0008  
                  u19_27 0067                    _TRISB 0086                    _TRISD 0088  
                  _SSPIE 0463                    _SSPIF 0063                    _setup 007A  
                  pclath 000A                    status 0003                    wtemp0 007E  
        __initialization 000F             __end_of_main 00DD                   ADC@dig 0074  
                 ??_main 0075                   _ADRESH 001E                   ?_setup 0070  
                 _ANSELH 0189                   _SSPADD 0093                   _TRISC3 043B  
                 _TRISC4 043C                   _SSPBUF 0013                   _SSPCON 0014  
                 saved_w 007E  __end_of__initialization 0013           __pcstackCOMMON 0070  
__size_of_I2C_Slave_Init 001A            __end_of_setup 00AC                  ??_setup 0074  
  I2C_Slave_Init@address 0073               __pmaintext 00AC               __pintentry 0004  
                _SSPCON2 0091                  _SSPSTAT 0094                  __ptext1 007A  
                __ptext2 00DD                  __ptext3 00F7                  __ptext4 0017  
           __size_of_ADC 0008             __size_of_isr 0063     end_of_initialization 0013  
         _I2C_Slave_Init 00DD                _TRISAbits 0085                _TRISCbits 0087  
 __end_of_I2C_Slave_Init 00F7      start_initialization 000F              __end_of_ADC 00FF  
            __end_of_isr 007A          ?_I2C_Slave_Init 0070              __pbssCOMMON 0077  
              ___latbits 0002           __size_of_setup 0032        interrupt_function 0004  
               _PIR1bits 000C               _ADCON0bits 001F               _ADCON1bits 009F  
       ??_I2C_Slave_Init 0073            __size_of_main 0031                 intlevel1 0000  
            _SSPCON2bits 0091               _SSPCONbits 0014  
